Log file open, 12/07/17 16:04:32
LogInit:Display: Running engine for game: Toast
LogPlatformFile: Not using cached read wrapper
LogInit:Display: RandInit(1519503587) SRandInit(1519503587).
LogTaskGraph: Started task graph with 5 named threads and 8 total threads with 1 sets of task threads.
LogStats: Stats thread started at 0.618684
LogInit: Using libcurl 7.47.1
LogInit:  - built for x86_64-pc-win32
LogInit:  - supports SSL with OpenSSL/1.0.2g
LogInit:  - supports HTTP deflate (compression) using libz 1.2.8
LogInit:  - other features:
LogInit:      CURL_VERSION_SSL
LogInit:      CURL_VERSION_LIBZ
LogInit:      CURL_VERSION_IPV6
LogInit:      CURL_VERSION_ASYNCHDNS
LogInit:      CURL_VERSION_LARGEFILE
LogInit:      CURL_VERSION_IDN
LogInit:  CurlRequestOptions (configurable via config and command line):
LogInit:  - bVerifyPeer = false  - Libcurl will NOT verify peer certificate
LogInit:  - bUseHttpProxy = false  - Libcurl will NOT use HTTP proxy
LogInit:  - bDontReuseConnections = false  - Libcurl will reuse connections
LogInit:  - CertBundlePath = nullptr  - Libcurl will use whatever was configured at build time.
LogInit: Build: ++UE4+Release-4.16-CL-3561208
LogInit: Engine Version: 4.16.3-3561208+++UE4+Release-4.16
LogInit: Compatible Engine Version: 4.16.0-3452394+++UE4+Release-4.16
LogInit: Net CL: 3452394
LogDevObjectVersion: Number of dev versions registered: 16
LogDevObjectVersion:   Dev-Blueprints (B0D832E4-1F89-4F0D-ACCF-7EB736FD4AA2): 9
LogDevObjectVersion:   Dev-Build (E1C64328-A22C-4D53-A36C-8E866417BD8C): 0
LogDevObjectVersion:   Dev-Core (375EC13C-06E4-48FB-B500-84F0262A717E): 2
LogDevObjectVersion:   Dev-Editor (E4B068ED-F494-42E9-A231-DA0B2E46BB41): 17
LogDevObjectVersion:   Dev-Framework (CFFC743F-43B0-4480-9391-14DF171D2073): 23
LogDevObjectVersion:   Dev-Mobile (B02B49B5-BB20-44E9-A304-32B752E40360): 0
LogDevObjectVersion:   Dev-Networking (A4E4105C-59A1-49B5-A7C5-40C4547EDFEE): 0
LogDevObjectVersion:   Dev-Online (39C831C9-5AE6-47DC-9A44-9C173E1C8E7C): 0
LogDevObjectVersion:   Dev-Physics (78F01B33-EBEA-4F98-B9B4-84EACCB95AA2): 0
LogDevObjectVersion:   Dev-Platform (6631380F-2D4D-43E0-8009-CF276956A95A): 0
LogDevObjectVersion:   Dev-Rendering (12F88B9F-8875-4AFC-A67C-D90C383ABD29): 15
LogDevObjectVersion:   Dev-Sequencer (7B5AE74C-D270-4C10-A958-57980B212A5A): 4
LogDevObjectVersion:   Dev-VR (D7296918-1DD6-4BDD-9DE2-64A83CC13884): 0
LogDevObjectVersion:   Dev-LoadTimes (C2A15278-BFE7-4AFE-6C17-90FF531DF755): 1
LogDevObjectVersion:   Private-Geometry (6EACA3D4-40EC-4CC1-B786-8BED09428FC5): 1
LogDevObjectVersion:   Dev-AnimPhys (29E575DD-E0A3-4627-9D10-D276232CDCEA): 3
LogInit: Compiled (64-bit): Jul 28 2017 11:49:47
LogInit: Compiled with Visual C++: 19.00.24215.01
LogInit: Build Configuration: Development
LogInit: Branch Name: ++UE4+Release-4.16
LogInit: Command line:  
LogInit: Base directory: C:/Program Files/Epic Games/UE_4.16/Engine/Binaries/Win64/
LogInit: Installed Engine Build: 1
LogInit: Presizing for max 8388607 objects, including 0 objects not considered by GC, pre-allocating 0 bytes for permanent pool.
LogInit: Object subsystem initialized
[2017.12.07-23.04.33:744][  0]LogInit: Selected Device Profile: [Windows]
[2017.12.07-23.04.33:745][  0]LogInit: Applying CVar settings loaded from the selected device profile: [Windows]
[2017.12.07-23.04.33:761][  0]LogInit: Computer: ALF
[2017.12.07-23.04.33:761][  0]LogInit: User: alrod000
[2017.12.07-23.04.33:761][  0]LogInit: CPU Page size=4096, Cores=4
[2017.12.07-23.04.33:761][  0]LogInit: High frequency timer resolution =3.312789 MHz
[2017.12.07-23.04.33:762][  0]LogMemory: Memory total: Physical=8.0GB (8GB approx)
[2017.12.07-23.04.33:762][  0]LogMemory: Platform Memory Stats for Windows
[2017.12.07-23.04.33:762][  0]LogMemory: Process Physical Memory: 272.14 MB used, 272.14 MB peak
[2017.12.07-23.04.33:762][  0]LogMemory: Process Virtual Memory: 258.73 MB used, 258.73 MB peak
[2017.12.07-23.04.33:762][  0]LogMemory: Physical Memory: 4318.93 MB used,  3842.47 MB free, 8161.41 MB total
[2017.12.07-23.04.33:762][  0]LogMemory: Virtual Memory: 621.32 MB used,  3842.47 MB free, 134217728.00 MB total
[2017.12.07-23.04.33:998][  0]LogInit: Using OS detected language (en-US).
[2017.12.07-23.04.33:998][  0]LogInit: Using OS detected locale (en-US).
[2017.12.07-23.04.34:008][  0]LogTextLocalizationManager: No specific localization for 'en-US' exists, so the 'en' localization will be used.
[2017.12.07-23.04.36:293][  0]LogD3D11RHI: D3D11 adapters:
[2017.12.07-23.04.36:511][  0]LogD3D11RHI:    0. 'NVIDIA GeForce GTX 980' (Feature Level 11_0)
[2017.12.07-23.04.36:511][  0]LogD3D11RHI:       4060/0/4080 MB DedicatedVideo/DedicatedSystem/SharedSystem, Outputs:2, VendorId:0x10de
[2017.12.07-23.04.36:537][  0]LogD3D11RHI:    1. 'Microsoft Basic Render Driver' (Feature Level 11_0)
[2017.12.07-23.04.36:537][  0]LogD3D11RHI:       0/0/4080 MB DedicatedVideo/DedicatedSystem/SharedSystem, Outputs:0, VendorId:0x1414
[2017.12.07-23.04.36:537][  0]LogD3D11RHI: Chosen D3D11 Adapter: 0
[2017.12.07-23.04.36:571][  0]LogD3D11RHI: Creating new Direct3DDevice
[2017.12.07-23.04.36:572][  0]LogD3D11RHI:     GPU DeviceId: 0x13c0 (for the marketing name, search the web for "GPU Device Id")
[2017.12.07-23.04.36:572][  0]LogWindows: EnumDisplayDevices:
[2017.12.07-23.04.36:572][  0]LogWindows:    0. 'NVIDIA GeForce GTX 980' (P:1 D:1)
[2017.12.07-23.04.36:572][  0]LogWindows:    1. 'NVIDIA GeForce GTX 980' (P:0 D:1)
[2017.12.07-23.04.36:572][  0]LogWindows:    2. 'NVIDIA GeForce GTX 980' (P:0 D:0)
[2017.12.07-23.04.36:573][  0]LogWindows:    3. 'NVIDIA GeForce GTX 980' (P:0 D:0)
[2017.12.07-23.04.36:573][  0]LogWindows: DebugString: FoundDriverCount:4 
[2017.12.07-23.04.36:573][  0]LogD3D11RHI:     Adapter Name: NVIDIA GeForce GTX 980
[2017.12.07-23.04.36:573][  0]LogD3D11RHI:   Driver Version: 388.31 (internal:23.21.13.8831, unified:388.31)
[2017.12.07-23.04.36:573][  0]LogD3D11RHI:      Driver Date: 11-14-2017
[2017.12.07-23.04.36:573][  0]LogRHI: Texture pool is 1361 MB (70% of 1945 MB)
[2017.12.07-23.04.36:609][  0]LogD3D11RHI: Async texture creation enabled
[2017.12.07-23.04.36:646][  0]LogD3D11RHI: GPU Timing Frequency: 1000.000000 (Debug: 2 1)
[2017.12.07-23.04.36:757][  0]LogShaderCompilers: Guid format shader working directory is -43 characters bigger than the processId version (../../../../../../Users/alrod_000/Documents/Unreal Projects/EAE 3660/Final Project/ToastFinal/Intermediate/Shaders/WorkingDirectory/8772/).
[2017.12.07-23.04.36:757][  0]LogShaderCompilers: Cleaned the shader compiler working directory 'C:/Users/alrod_000/AppData/Local/Temp/UnrealShaderWorkingDir/65CCBF404972BB03B888F0A0381D3F42/'.
[2017.12.07-23.04.36:757][  0]LogShaderCompilers:Display: Using Local Shader Compiler.
[2017.12.07-23.04.38:493][  0]LogTemp:Display: Loaded TP AllDesktopTargetPlatform
[2017.12.07-23.04.38:576][  0]LogTemp:Display: Loaded TP MacClientTargetPlatform
[2017.12.07-23.04.38:659][  0]LogTemp:Display: Loaded TP MacNoEditorTargetPlatform
[2017.12.07-23.04.38:738][  0]LogTemp:Display: Loaded TP MacServerTargetPlatform
[2017.12.07-23.04.38:826][  0]LogTemp:Display: Loaded TP MacTargetPlatform
[2017.12.07-23.04.38:913][  0]LogTemp:Display: Loaded TP WindowsClientTargetPlatform
[2017.12.07-23.04.38:994][  0]LogTemp:Display: Loaded TP WindowsNoEditorTargetPlatform
[2017.12.07-23.04.39:079][  0]LogTemp:Display: Loaded TP WindowsServerTargetPlatform
[2017.12.07-23.04.39:164][  0]LogTemp:Display: Loaded TP WindowsTargetPlatform
[2017.12.07-23.04.39:245][  0]LogTemp:Display: Loaded TP AndroidTargetPlatform
[2017.12.07-23.04.39:326][  0]LogTemp:Display: Loaded TP Android_ASTCTargetPlatform
[2017.12.07-23.04.39:409][  0]LogTemp:Display: Loaded TP Android_ATCTargetPlatform
[2017.12.07-23.04.39:490][  0]LogTemp:Display: Loaded TP Android_DXTTargetPlatform
[2017.12.07-23.04.39:589][  0]LogTemp:Display: Loaded TP Android_ETC1TargetPlatform
[2017.12.07-23.04.39:673][  0]LogTemp:Display: Loaded TP Android_ETC2TargetPlatform
[2017.12.07-23.04.39:839][  0]LogTemp:Display: Loaded TP Android_MultiTargetPlatform
[2017.12.07-23.04.39:839][  0]LogTemp:Display: Loaded TP Android_PVRTCTargetPlatform
[2017.12.07-23.04.39:906][  0]LogTemp:Display: Loaded TP HTML5TargetPlatform
[2017.12.07-23.04.40:050][  0]LogTemp:Display: Loaded TP IOSTargetPlatform
[2017.12.07-23.04.40:092][  0]LogTemp:Display: Loaded TP TVOSTargetPlatform
[2017.12.07-23.04.40:178][  0]LogTemp:Display: Loaded TP LinuxClientTargetPlatform
[2017.12.07-23.04.40:260][  0]LogTemp:Display: Loaded TP LinuxNoEditorTargetPlatform
[2017.12.07-23.04.40:345][  0]LogTemp:Display: Loaded TP LinuxServerTargetPlatform
[2017.12.07-23.04.40:429][  0]LogTemp:Display: Loaded TP LinuxTargetPlatform
[2017.12.07-23.04.40:429][  0]LogTargetPlatformManager:Display: Building Assets For Windows
[2017.12.07-23.04.41:330][  0]LogDerivedDataCache:Display: Max Cache Size: 512 MB
[2017.12.07-23.04.41:691][  0]LogDerivedDataCache: Loaded boot cache 0.36s 90MB C:/Users/alrod_000/AppData/Local/UnrealEngine/4.16/DerivedDataCache/Boot.ddc.
[2017.12.07-23.04.41:691][  0]LogDerivedDataCache:Display: Loaded Boot cache: C:/Users/alrod_000/AppData/Local/UnrealEngine/4.16/DerivedDataCache/Boot.ddc
[2017.12.07-23.04.41:691][  0]LogDerivedDataCache: FDerivedDataBackendGraph:  Pak pak cache file ../../../../../../Users/alrod_000/Documents/Unreal Projects/EAE 3660/Final Project/ToastFinal/DerivedDataCache/DDC.ddp not found, will not use a pak cache.
[2017.12.07-23.04.41:691][  0]LogDerivedDataCache: Unable to find inner node Pak for hierarchical cache Hierarchy.
[2017.12.07-23.04.41:691][  0]LogDerivedDataCache: FDerivedDataBackendGraph:  CompressedPak pak cache file ../../../../../../Users/alrod_000/Documents/Unreal Projects/EAE 3660/Final Project/ToastFinal/DerivedDataCache/Compressed.ddp not found, will not use a pak cache.
[2017.12.07-23.04.41:691][  0]LogDerivedDataCache: Unable to find inner node CompressedPak for hierarchical cache Hierarchy.
[2017.12.07-23.04.41:711][  0]LogDerivedDataCache:Display: Pak cache opened for reading ../../../Engine/DerivedDataCache/Compressed.ddp.
[2017.12.07-23.04.41:724][  0]LogDerivedDataCache: Using Local data cache path C:/Users/alrod_000/AppData/Local/UnrealEngine/Common/DerivedDataCache: Writable
[2017.12.07-23.04.41:790][  0]LogMaterial: Verifying Global Shaders for PCD3D_SM5
[2017.12.07-23.04.41:875][  0]LogSlate: Using Freetype 2.6.0
[2017.12.07-23.04.41:945][  0]LogSlate: SlateFontCache - WITH_FREETYPE: 1, WITH_HARFBUZZ: 1
[2017.12.07-23.04.41:945][  0]LogSlate: SlateFontCache - WITH_FREETYPE: 1, WITH_HARFBUZZ: 1
[2017.12.07-23.04.43:187][  0]LogInit: Selected Device Profile: [Windows]
[2017.12.07-23.04.43:366][  0]LogContentStreaming: Texture pool size is 0.00 MB
[2017.12.07-23.04.43:712][  0]LogMeshUtilities: Using QuadricMeshReduction for automatic static mesh reduction
[2017.12.07-23.04.43:800][  0]LogSimplygon: Simplygon DLL not present - disabling.
[2017.12.07-23.04.43:893][  0]LogMeshUtilities: Using SimplygonSwarm for distributed automatic mesh merging
[2017.12.07-23.04.43:893][  0]LogMeshUtilities: No automatic skeletal mesh reduction module available
[2017.12.07-23.04.43:893][  0]LogMeshUtilities: No automatic mesh merging module available
[2017.12.07-23.04.45:566][  0]LogNetVersion: Toast , NetCL: 3452394, EngineNetVer: 2, GameNetVer: 0 (Checksum: 164098987)
[2017.12.07-23.04.45:674][  0]LogAssetRegistry: FAssetRegistry took 0.0303 seconds to start up
[2017.12.07-23.04.46:835][  0]LogPackageLocalizationCache: Processed 4 localized package path(s) for 2 prioritized culture(s) in 1.123826 seconds
[2017.12.07-23.04.46:845][  0]LogUObjectArray: 34194 objects as part of root set at end of initial load.
[2017.12.07-23.04.46:846][  0]LogUObjectAllocator: 7260424 out of 0 bytes used by permanent object pool.
[2017.12.07-23.04.46:846][  0]LogUObjectArray: CloseDisregardForGC: 0/0 objects in disregard for GC pool
[2017.12.07-23.04.46:967][  0]LogInit: WinSock: version 1.1 (2.2), MaxSocks=32767, MaxUdp=65467
[2017.12.07-23.04.53:392][  0]LogTcpMessaging: Initializing TcpMessaging bridge
[2017.12.07-23.04.53:504][  0]LogUdpMessaging: Initializing bridge on interface 0.0.0.0:0 to multicast group 230.0.0.1:6666.
[2017.12.07-23.04.54:606][  0]LogMaterial: Uniform references updated for custom material expression Custom.
[2017.12.07-23.04.55:368][  0]SourceControl: Info Source control is disabled
[2017.12.07-23.04.55:450][  0]SourceControl: Info Source control is disabled
[2017.12.07-23.04.55:544][  0]SourceControl: Info Source control is disabled
[2017.12.07-23.04.55:637][  0]SourceControl: Info Source control is disabled
[2017.12.07-23.04.57:351][  0]LogAndroidPermission: UAndroidPermissionCallbackProxy::GetInstance
[2017.12.07-23.04.59:189][  0]LogEngine: Initializing Engine...
[2017.12.07-23.04.59:217][  0]LogHMD: Failed to initialize OpenVR with code 110
[2017.12.07-23.04.59:537][  0]LogStats: UGameplayTagsManager::ConstructGameplayTagTree: Construct from data asset -  0.000 s
[2017.12.07-23.04.59:538][  0]LogStats: UGameplayTagsManager::ConstructGameplayTagTree: GameplayTagTreeChangedEvent.Broadcast -  0.000 s
[2017.12.07-23.04.59:829][  0]LogAIModule: Creating AISystem for world Untitled
[2017.12.07-23.04.59:874][  0]LogInit: XAudio2 using 'Speakers (USB Audio Device)' : 2 channels at 44.1 kHz using 16 bits per sample (channel mask 0x3)
[2017.12.07-23.04.59:942][  0]LogInit: FAudioDevice initialized.
[2017.12.07-23.05.00:022][  0]LogDerivedDataCache: Saved boot cache 0.08s 90MB C:/Users/alrod_000/AppData/Local/UnrealEngine/4.16/DerivedDataCache/Boot.ddc.
[2017.12.07-23.05.00:031][  0]LogInit: Texture streaming: Enabled
[2017.12.07-23.05.00:261][  0]LogEngineSessionManager: EngineSessionManager initialized
[2017.12.07-23.05.00:759][  0]LogInit: Transaction tracking system initialized
[2017.12.07-23.05.01:668][  0]BlueprintLog: New page: Editor Load
[2017.12.07-23.05.03:982][  0]LocalizationService: Info Localization service is disabled
[2017.12.07-23.05.05:584][  0]LogConsoleResponse:Display: 
[2017.12.07-23.05.06:146][  0]LogCook:Display: Max memory allowance for cook 16384mb min free memory 0mb
[2017.12.07-23.05.06:147][  0]LogCook:Display: Mobile HDR setting 1
[2017.12.07-23.05.06:761][  0]LogFileCache: Scanning file cache for directory 'C:/Users/alrod_000/Documents/Unreal Projects/EAE 3660/Final Project/ToastFinal/Content/' took 0.03s
[2017.12.07-23.05.08:476][  0]SourceControl: Info Source control is disabled
[2017.12.07-23.05.08:478][  0]Cmd: MAP LOAD FILE="../../../Engine/Content/Maps/Templates/Template_Default.umap" TEMPLATE=1 SHOWPROGRESS=1 FEATURELEVEL=3
[2017.12.07-23.05.08:481][  0]LightingResults: New page: Lighting Build
[2017.12.07-23.05.08:573][  0]MapCheck: New page: Map Check
[2017.12.07-23.05.08:573][  0]LightingResults: New page: Lighting Build
[2017.12.07-23.05.08:932][  0]LogAIModule: Creating AISystem for world Untitled_1
[2017.12.07-23.05.08:934][  0]LogActorComponent: RegisterComponentWithWorld: (/Temp/Untitled_1.Untitled_1:PersistentLevel.WorldSettings_1.StaticMeshComponent0) Trying to register component with IsPendingKill() == true. Aborting.
[2017.12.07-23.05.08:966][  0]LogEditorServer: Finished looking for orphan Actors (0.000 secs)
[2017.12.07-23.05.08:986][  0]Cmd: MAP CHECKDEP NOCLEARLOG
[2017.12.07-23.05.09:090][  0]MapCheck: Info Map check complete: 0 Error(s), 0 Warning(s), took 103.513ms to complete.
[2017.12.07-23.05.09:090][  0]LogFileHelpers: Loading map 'Template_Default' took 0.613
[2017.12.07-23.05.09:377][  0]LogCollectionManager: Loaded 0 collections in 0.002553 seconds
[2017.12.07-23.05.09:529][  0]LogFileCache: Scanning file cache for directory 'C:/Users/alrod_000/Documents/Unreal Projects/EAE 3660/Final Project/ToastFinal/Saved/Collections/' took 0.01s
[2017.12.07-23.05.09:529][  0]LogFileCache: Scanning file cache for directory 'C:/Users/alrod_000/Documents/Unreal Projects/EAE 3660/Final Project/ToastFinal/Content/Developers/alrod000/Collections/' took 0.01s
[2017.12.07-23.05.09:529][  0]LogFileCache: Scanning file cache for directory 'C:/Users/alrod_000/Documents/Unreal Projects/EAE 3660/Final Project/ToastFinal/Content/Collections/' took 0.01s
[2017.12.07-23.05.09:529][  0]LogCollectionManager: Rebuilt the GUID cache for 0 collections in 0.000002 seconds
[2017.12.07-23.05.09:542][  0]LogContentBrowser: Native class hierarchy populated in 0.0114 seconds. Added 2329 classes and 491 folders.
[2017.12.07-23.05.09:660][  0]LogContentBrowser: Native class hierarchy updated for 'WidgetCarousel' in 0.0006 seconds. Added 0 classes and 0 folders.
[2017.12.07-23.05.09:816][  0]LogContentBrowser: Native class hierarchy updated for 'AddContentDialog' in 0.0007 seconds. Added 0 classes and 0 folders.
[2017.12.07-23.05.09:908][  0]LogContentBrowser: Native class hierarchy updated for 'SceneOutliner' in 0.0007 seconds. Added 1 classes and 2 folders.
[2017.12.07-23.05.10:279][  0]LogCrashTracker: Crashtracker disabled due to settings.
[2017.12.07-23.05.10:423][  0]LogSlate: Took 0.003408 seconds to synchronously load lazily loaded font '../../../Engine/Content/Slate/Fonts/Roboto-Regular.ttf' (155K)
[2017.12.07-23.05.10:427][  0]LogSlate: Took 0.001420 seconds to synchronously load lazily loaded font '../../../Engine/Content/Slate/Fonts/Roboto-Bold.ttf' (160K)
[2017.12.07-23.05.10:435][  0]LogSlate: Took 0.001464 seconds to synchronously load lazily loaded font '../../../Engine/Content/Editor/Slate/Fonts/FontAwesome.ttf' (139K)
[2017.12.07-23.05.10:564][  0]LogUObjectGlobals:Warning: Failed to find object 'Class None.'
[2017.12.07-23.05.10:684][  0]LogContentBrowser: Native class hierarchy updated for 'HierarchicalLODOutliner' in 0.0007 seconds. Added 1 classes and 2 folders.
[2017.12.07-23.05.10:685][  0]LogLoad: (Engine Initialization) Total time: 41.05 seconds
[2017.12.07-23.05.10:685][  0]LogLoad: (Engine Initialization) Total Blueprint compile time: 0.20 seconds
[2017.12.07-23.05.10:685][  0]LogExternalProfiler: No external profilers were discovered.  External profiling features will not be available.
[2017.12.07-23.05.10:698][  0]LogWindowsTextInputMethodSystem:Display: IME system now deactivated.
[2017.12.07-23.05.10:699][  0]LogOcInput: OculusInput pre-init called
[2017.12.07-23.05.10:699][  0]LogHMD: Starting GearVRController plugin
[2017.12.07-23.05.10:740][  0]LogContentStreaming: Texture pool size now 1000 MB
[2017.12.07-23.05.10:976][  0]LogSlate: Took 0.009075 seconds to synchronously load lazily loaded font '../../../Engine/Content/Slate/Fonts/Roboto-Light.ttf' (159K)
[2017.12.07-23.05.10:986][  1]LogFileCache: Retrieving MD5 hashes for directory 'C:/Users/alrod_000/Documents/Unreal Projects/EAE 3660/Final Project/ToastFinal/Content/' took 0.27s
[2017.12.07-23.05.10:997][  1]LogAssetRegistry: Asset discovery search completed in 25.3458 seconds
[2017.12.07-23.05.11:001][  1]LogCollectionManager: Rebuilt the object cache for 0 collections in 0.000001 seconds (found 0 objects)
[2017.12.07-23.05.11:001][  1]LogCollectionManager: Fixed up redirectors for 0 collections in 0.000042 seconds (updated 0 objects)
[2017.12.07-23.05.11:044][  2]LogRenderer: Reallocating scene render targets to support 1124x476 NumSamples 1 (Frame:1).
[2017.12.07-23.05.11:729][ 40]LogSlate: Took 0.000379 seconds to synchronously load lazily loaded font '../../../Engine/Content/Slate/Fonts/Roboto-Light.ttf' (159K)
[2017.12.07-23.06.05:952][894]LogSlate: Took 0.001351 seconds to synchronously load lazily loaded font '../../../Engine/Content/Slate/Fonts/Roboto-Light.ttf' (159K)
[2017.12.07-23.06.05:971][894]LogFactory: FactoryCreateFile: StaticMesh with FbxFactory (0 0 ../../../../../../Users/alrod_000/Documents/Unreal Projects/EAE 3660/Final Project/ToastFinal/Content/MayaExports/BagelHalf_Ada.fbx)
[2017.12.07-23.06.06:000][894]LogFbx: ItemName: GlobalSettings, ItemCount : 1
[2017.12.07-23.06.06:000][894]LogFbx: ItemName: AnimationStack, ItemCount : 1
[2017.12.07-23.06.06:000][894]LogFbx: ItemName: AnimationLayer, ItemCount : 1
[2017.12.07-23.06.06:000][894]LogFbx: ItemName: Geometry, ItemCount : 1
[2017.12.07-23.06.06:000][894]LogFbx: ItemName: Material, ItemCount : 1
[2017.12.07-23.06.06:000][894]LogFbx: ItemName: Model, ItemCount : 1
[2017.12.07-23.06.06:008][894]LogFbx: Loading FBX Scene from ../../../../../../Users/alrod_000/Documents/Unreal Projects/EAE 3660/Final Project/ToastFinal/Content/MayaExports/BagelHalf_Ada.fbx
[2017.12.07-23.06.06:017][894]LogFbx: FBX Scene Loaded Succesfully
[2017.12.07-23.06.34:497][877]LogFactory: FactoryCreateFile: StaticMesh with FbxFactory (0 0 ../../../../../../Users/alrod_000/Documents/Unreal Projects/EAE 3660/Final Project/ToastFinal/Content/MayaExports/BagelHalf_Ada.fbx)
[2017.12.07-23.06.34:502][877]LogFbx: ItemName: GlobalSettings, ItemCount : 1
[2017.12.07-23.06.34:502][877]LogFbx: ItemName: AnimationStack, ItemCount : 1
[2017.12.07-23.06.34:502][877]LogFbx: ItemName: AnimationLayer, ItemCount : 1
[2017.12.07-23.06.34:502][877]LogFbx: ItemName: Geometry, ItemCount : 1
[2017.12.07-23.06.34:502][877]LogFbx: ItemName: Material, ItemCount : 1
[2017.12.07-23.06.34:502][877]LogFbx: ItemName: Model, ItemCount : 1
[2017.12.07-23.06.34:507][877]LogFbx: Loading FBX Scene from ../../../../../../Users/alrod_000/Documents/Unreal Projects/EAE 3660/Final Project/ToastFinal/Content/MayaExports/BagelHalf_Ada.fbx
[2017.12.07-23.06.34:513][877]LogFbx: FBX Scene Loaded Succesfully
[2017.12.07-23.06.37:441][877]LogFbx: Loading FBX Scene from ../../../../../../Users/alrod_000/Documents/Unreal Projects/EAE 3660/Final Project/ToastFinal/Content/MayaExports/BagelHalf_Ada.fbx
[2017.12.07-23.06.37:447][877]LogFbx: FBX Scene Loaded Succesfully
[2017.12.07-23.06.37:450][877]LogFbx: =================================================
[2017.12.07-23.06.37:450][877]LogFbx: Dumping Node START [pTorus1] 
[2017.12.07-23.06.37:450][877]LogFbx: 	Total Deformer Count 40143128.
[2017.12.07-23.06.37:450][877]LogFbx: 	Attribute () Type (4).
[2017.12.07-23.06.37:450][877]LogFbx: 		[Node Attribute Child 1] pTorus1 (Type Mesh).
[2017.12.07-23.06.37:450][877]LogFbx: Dumping Node END [pTorus1]
[2017.12.07-23.06.37:451][877]LogFbx: =================================================
[2017.12.07-23.06.37:451][877]LogFbx: Dumping Node START [pTorus1] 
[2017.12.07-23.06.37:451][877]LogFbx: 	Total Deformer Count 40146768.
[2017.12.07-23.06.37:451][877]LogFbx: 	Attribute () Type (4).
[2017.12.07-23.06.37:451][877]LogFbx: 		[Node Attribute Child 1] pTorus1 (Type Mesh).
[2017.12.07-23.06.37:451][877]LogFbx: Dumping Node END [pTorus1]
[2017.12.07-23.06.37:454][877]LogLinker: Can't find file '/Game/Models/Bagel/lambert1'
[2017.12.07-23.06.37:454][877]LogLinker: Can't find file '/Game/Models/Bagel/lambert1'
[2017.12.07-23.06.37:456][877]LogMaterial:Warning: Material /Game/Models/Bagel/lambert1.lambert1 needed to have new flag set bUsedWithSkeletalMesh !
[2017.12.07-23.06.37:460][877]LogMaterial: Missing cached shader map for material lambert1, compiling. 
[2017.12.07-23.06.37:525][877]LogMaterial: Missing cached shader map for material lambert1, compiling. 
[2017.12.07-23.06.37:560][877]LogFbx: Triangulating skeletal mesh pTorus1
[2017.12.07-23.06.37:659][877]LogFbx:Warning: Bones digested - 1  Depth of hierarchy - 1
[2017.12.07-23.06.37:682][877]LogSkeletalMesh: Section 0: 441 vertices, 1 active bones
[2017.12.07-23.06.37:683][877]LogSkeletalMesh: Section 0: Material=0, 800 triangles
[2017.12.07-23.06.37:688][877]LogLinker: Can't find file '/Game/Models/Bagel/BagelHalf_Ada_Skeleton'
[2017.12.07-23.06.37:688][877]LogLinker: Can't find file '/Game/Models/Bagel/BagelHalf_Ada_Skeleton'
[2017.12.07-23.06.37:692][877]LogLinker: Can't find file '/Game/Models/Bagel/BagelHalf_Ada_PhysicsAsset'
[2017.12.07-23.06.37:692][877]LogLinker: Can't find file '/Game/Models/Bagel/BagelHalf_Ada_PhysicsAsset'
[2017.12.07-23.06.37:704][877]LogSkeletalMesh: USkeletalMeshComponent::InitArticulated : Could not find root physics body: SkeletalMeshComponent0
[2017.12.07-23.06.37:714][877]LogFbx: =================================================
[2017.12.07-23.06.37:714][877]LogFbx: Dumping Node START [pTorus1] 
[2017.12.07-23.06.37:714][877]LogFbx: 	Total Deformer Count 676321272.
[2017.12.07-23.06.37:714][877]LogFbx: 	Attribute () Type (4).
[2017.12.07-23.06.37:714][877]LogFbx: 		[Node Attribute Child 1] pTorus1 (Type Mesh).
[2017.12.07-23.06.37:714][877]LogFbx: Dumping Node END [pTorus1]
[2017.12.07-23.06.37:714][877]LogFbx: =================================================
[2017.12.07-23.06.37:714][877]LogFbx: Dumping Node START [pTorus1] 
[2017.12.07-23.06.37:714][877]LogFbx: 	Total Deformer Count 676320712.
[2017.12.07-23.06.37:714][877]LogFbx: 	Attribute () Type (4).
[2017.12.07-23.06.37:714][877]LogFbx: 		[Node Attribute Child 1] pTorus1 (Type Mesh).
[2017.12.07-23.06.37:714][877]LogFbx: Dumping Node END [pTorus1]
[2017.12.07-23.06.37:715][877]LogFbx: SortedLinks :(0) pTorus1
[2017.12.07-23.06.37:715][877]LogFbx: Parsing AnimStack Take 001
[2017.12.07-23.06.37:716][877]LogLinker: Can't find file '/Game/Models/Bagel/BagelHalf_Ada_Anim'
[2017.12.07-23.06.37:716][877]LogLinker: Can't find file '/Game/Models/Bagel/BagelHalf_Ada_Anim'
[2017.12.07-23.06.37:724][877]LogAnimationCompression: Building Anim DDC data for AnimSequence /Game/Models/Bagel/BagelHalf_Ada_Anim.BagelHalf_Ada_Anim
[2017.12.07-23.06.37:733][877]FBXImport:Warning: Warning No smoothing group information was found in this FBX scene.  Please make sure to enable the 'Export Smoothing Groups' option in the FBX Exporter plug-in before exporting the file.  Even for tools that don't support smoothing groups, the FBX Exporter will generate appropriate smoothing data at export-time so that correct vertex normals can be inferred while importing. 
[2017.12.07-23.06.37:733][877]FBXImport:Warning: Warning Could not find the bind pose.  It will use time 0 as bind pose. 
[2017.12.07-23.06.46:941][735]LogContentBrowser: Native class hierarchy updated for 'SkeletonEditor' in 0.0007 seconds. Added 1 classes and 2 folders.
[2017.12.07-23.06.47:126][735]LogActorComponent: RegisterComponentWithWorld: (/Engine/Transient.World_5:PersistentLevel.Actor_0.DebugSkelMeshComponent_0) Already registered. Aborting.
[2017.12.07-23.06.47:205][735]LogSkeletalMesh: USkeletalMeshComponent::InitArticulated : Bodies already created (/Engine/Transient.World_5:PersistentLevel.Actor_0.DebugSkelMeshComponent_0) - call TermArticulated first.
[2017.12.07-23.06.47:692][735]LogSlate: Took 0.001475 seconds to synchronously load lazily loaded font '../../../Engine/Content/Editor/Slate/Fonts/Roboto-Italic.ttf' (157K)
[2017.12.07-23.06.47:772][735]LogContentBrowser: Native class hierarchy updated for 'ClothingSystemEditorInterface' in 0.0008 seconds. Added 1 classes and 0 folders.
[2017.12.07-23.06.47:780][736]LogRenderer: Reallocating scene render targets to support 1124x708 NumSamples 1 (Frame:1).
[2017.12.07-23.07.14:468][866]LogFactory: FactoryCreateFile: StaticMesh with FbxFactory (0 0 ../../../../../../Users/alrod_000/Documents/Unreal Projects/EAE 3660/Final Project/ToastFinal/Content/MayaExports/ToastSlice.obj)
[2017.12.07-23.07.14:479][866]LogFbx: Loading FBX Scene from ../../../../../../Users/alrod_000/Documents/Unreal Projects/EAE 3660/Final Project/ToastFinal/Content/MayaExports/ToastSlice.obj
[2017.12.07-23.07.14:482][866]LogFbx: FBX Scene Loaded Succesfully
[2017.12.07-23.07.16:262][866]LogFbx: Loading FBX Scene from ../../../../../../Users/alrod_000/Documents/Unreal Projects/EAE 3660/Final Project/ToastFinal/Content/MayaExports/ToastSlice.obj
[2017.12.07-23.07.16:264][866]LogFbx: FBX Scene Loaded Succesfully
[2017.12.07-23.07.16:268][866]LogLinker: Can't find file '/Game/Models/NewFolder/pCube1Mat'
[2017.12.07-23.07.16:268][866]LogLinker: Can't find file '/Game/Models/NewFolder/pCube1Mat'
[2017.12.07-23.07.16:275][866]LogMaterial: Missing cached shader map for material pCube1Mat, compiling. 
[2017.12.07-23.07.16:289][866]LogFbx:Warning: Triangulating static mesh pCube1
[2017.12.07-23.07.16:305][866]LogStaticMesh: Building static mesh ToastSlice...
[2017.12.07-23.07.16:310][866]LogStaticMesh: Built static mesh [0.01s] /Game/Models/NewFolder/ToastSlice.ToastSlice
[2017.12.07-23.07.20:334][149]LogRenderer: Reallocating scene render targets to support 1124x744 NumSamples 1 (Frame:1).
[2017.12.07-23.07.28:458][651]LogMaterial: Missing cached shader map for material pCube1Mat, compiling. 
[2017.12.07-23.07.28:570][651]LogMaterial: Missing cached shader map for material pCube1Mat, compiling. 
[2017.12.07-23.07.28:612][651]LogMaterial: Missing cached shader map for material pCube1Mat, compiling. 
[2017.12.07-23.07.28:655][651]LogMaterial: Missing cached shader map for material FMatExpressionPreview MaterialExpressionVectorParameter_0, compiling. 
[2017.12.07-23.07.28:668][651]LogSlate: Took 0.001986 seconds to synchronously load lazily loaded font '../../../Engine/Content/Editor/Slate/Fonts/Roboto-BoldCondensed.ttf' (158K)
[2017.12.07-23.07.37:135][919]LogMaterial: Missing cached shader map for material pCube1Mat, compiling. 
[2017.12.07-23.07.37:185][919]LogMaterial: Missing cached shader map for material pCube1Mat, compiling. 
[2017.12.07-23.07.37:207][919]LogMaterial: Missing cached shader map for material pCube1Mat, compiling. 
[2017.12.07-23.07.37:241][919]LogMaterial: Missing cached shader map for material FDebugViewModeMaterialProxy pCube1Mat, compiling. 
[2017.12.07-23.07.38:187][919]TextureStreamingBuild:Display: Compiling optional shaders took 0.953 seconds.
[2017.12.07-23.07.48:245][858]LogSavePackage: Save=16.89ms
[2017.12.07-23.07.48:245][858]LogSavePackage: Moving '../../../../../../Users/alrod_000/Documents/Unreal Projects/EAE 3660/Final Project/ToastFinal/Saved/pCube1Mat5A3CE4514F2502127882EAB94CC1AB99.tmp' to '../../../../../../Users/alrod_000/Documents/Unreal Projects/EAE 3660/Final Project/ToastFinal/Content/Models/Toast/pCube1Mat.uasset'
[2017.12.07-23.07.48:255][858]LogSavePackage:Display: Finished SavePackage ../../../../../../Users/alrod_000/Documents/Unreal Projects/EAE 3660/Final Project/ToastFinal/Content/Models/Toast/pCube1Mat.uasset
[2017.12.07-23.07.48:285][858]LogSavePackage: Save=11.26ms
[2017.12.07-23.07.48:285][858]LogSavePackage: Moving '../../../../../../Users/alrod_000/Documents/Unreal Projects/EAE 3660/Final Project/ToastFinal/Saved/ToastSlice4E30D43B4D2350334D885DB80A69BCAC.tmp' to '../../../../../../Users/alrod_000/Documents/Unreal Projects/EAE 3660/Final Project/ToastFinal/Content/Models/Toast/ToastSlice.uasset'
[2017.12.07-23.07.48:292][858]LogSavePackage:Display: Finished SavePackage ../../../../../../Users/alrod_000/Documents/Unreal Projects/EAE 3660/Final Project/ToastFinal/Content/Models/Toast/ToastSlice.uasset
[2017.12.07-23.08.44:109][744]LogAssetTools:Warning: Failed to import 'C:\Users\alrod_000\Documents\Unreal Projects\EAE 3660\Final Project\ToastFinal\Content\MayaExports\Toaster_Interior_BuiltData.uasset'. Unknown extension 'uasset'.
[2017.12.07-23.08.44:137][744]LogAssetTools:Warning: Failed to import 'C:\Users\alrod_000\Documents\Unreal Projects\EAE 3660\Final Project\ToastFinal\Content\MayaExports\3d-model_Component_3_003.uasset'. Unknown extension 'uasset'.
[2017.12.07-23.08.44:165][744]LogAssetTools:Warning: Failed to import 'C:\Users\alrod_000\Documents\Unreal Projects\EAE 3660\Final Project\ToastFinal\Content\MayaExports\GreenAlarm.uasset'. Unknown extension 'uasset'.
[2017.12.07-23.09.14:120][842]LogSlate: Took 0.001025 seconds to synchronously load lazily loaded font '../../../Engine/Content/Editor/Slate/Fonts/DroidSansMono.ttf' (77K)
[2017.12.07-23.09.42:049][303]LogAIModule: Creating AISystem for world Toaster_Interior
[2017.12.07-23.09.45:153][303]LogSavePackage: Save=11.95ms
[2017.12.07-23.09.45:153][303]LogSavePackage: Moving '../../../../../../Users/alrod_000/Documents/Unreal Projects/EAE 3660/Final Project/ToastFinal/Saved/BagelHalf_Ada2AFB620144E46FE7A1020AA030994B89.tmp' to '../../../../../../Users/alrod_000/Documents/Unreal Projects/EAE 3660/Final Project/ToastFinal/Content/Models/Bagel/BagelHalf_Ada.uasset'
[2017.12.07-23.09.45:163][303]LogSavePackage:Display: Finished SavePackage ../../../../../../Users/alrod_000/Documents/Unreal Projects/EAE 3660/Final Project/ToastFinal/Content/Models/Bagel/BagelHalf_Ada.uasset
[2017.12.07-23.09.45:192][303]LogSavePackage: Save=10.79ms
[2017.12.07-23.09.45:192][303]LogSavePackage: Moving '../../../../../../Users/alrod_000/Documents/Unreal Projects/EAE 3660/Final Project/ToastFinal/Saved/BagelHalf_Ada_AnimF5A6151E4EA3339A2CEC92B6E2142A27.tmp' to '../../../../../../Users/alrod_000/Documents/Unreal Projects/EAE 3660/Final Project/ToastFinal/Content/Models/Bagel/BagelHalf_Ada_Anim.uasset'
[2017.12.07-23.09.45:200][303]LogSavePackage:Display: Finished SavePackage ../../../../../../Users/alrod_000/Documents/Unreal Projects/EAE 3660/Final Project/ToastFinal/Content/Models/Bagel/BagelHalf_Ada_Anim.uasset
[2017.12.07-23.09.45:206][303]LogSavePackage: Save=3.08ms
[2017.12.07-23.09.45:206][303]LogSavePackage: Moving '../../../../../../Users/alrod_000/Documents/Unreal Projects/EAE 3660/Final Project/ToastFinal/Saved/BagelHalf_Ada_PhysicsAsset6AB114824A1B3FE47F70B68722BE14EA.tmp' to '../../../../../../Users/alrod_000/Documents/Unreal Projects/EAE 3660/Final Project/ToastFinal/Content/Models/Bagel/BagelHalf_Ada_PhysicsAsset.uasset'
[2017.12.07-23.09.45:213][303]LogSavePackage:Display: Finished SavePackage ../../../../../../Users/alrod_000/Documents/Unreal Projects/EAE 3660/Final Project/ToastFinal/Content/Models/Bagel/BagelHalf_Ada_PhysicsAsset.uasset
[2017.12.07-23.09.45:219][303]LogSavePackage: Save=2.68ms
[2017.12.07-23.09.45:219][303]LogSavePackage: Moving '../../../../../../Users/alrod_000/Documents/Unreal Projects/EAE 3660/Final Project/ToastFinal/Saved/BagelHalf_Ada_SkeletonF9DF440D434DB7CED5D5C9A36088762C.tmp' to '../../../../../../Users/alrod_000/Documents/Unreal Projects/EAE 3660/Final Project/ToastFinal/Content/Models/Bagel/BagelHalf_Ada_Skeleton.uasset'
[2017.12.07-23.09.45:228][303]LogSavePackage:Display: Finished SavePackage ../../../../../../Users/alrod_000/Documents/Unreal Projects/EAE 3660/Final Project/ToastFinal/Content/Models/Bagel/BagelHalf_Ada_Skeleton.uasset
[2017.12.07-23.09.45:258][303]LogSavePackage: Save=12.23ms
[2017.12.07-23.09.45:258][303]LogSavePackage: Moving '../../../../../../Users/alrod_000/Documents/Unreal Projects/EAE 3660/Final Project/ToastFinal/Saved/lambert1F907ABBD49DB1ED152535FA9483B65E5.tmp' to '../../../../../../Users/alrod_000/Documents/Unreal Projects/EAE 3660/Final Project/ToastFinal/Content/Models/Bagel/lambert1.uasset'
[2017.12.07-23.09.45:267][303]LogSavePackage:Display: Finished SavePackage ../../../../../../Users/alrod_000/Documents/Unreal Projects/EAE 3660/Final Project/ToastFinal/Content/Models/Bagel/lambert1.uasset
[2017.12.07-23.09.45:268][303]Cmd: MAP LOAD FILE="../../../../../../Users/alrod_000/Documents/Unreal Projects/EAE 3660/Final Project/ToastFinal/Content/Maps/Toaster_Interior.umap" TEMPLATE=0 SHOWPROGRESS=1 FEATURELEVEL=3
[2017.12.07-23.09.45:268][303]LightingResults: New page: Lighting Build
[2017.12.07-23.09.45:270][303]LoadErrors: New page: Loading map: Toaster_Interior.umap
[2017.12.07-23.09.45:275][303]MapCheck: New page: Map Check
[2017.12.07-23.09.45:275][303]LightingResults: New page: Lighting Build
[2017.12.07-23.09.45:301][303]LogEditorServer: Finished looking for orphan Actors (0.000 secs)
[2017.12.07-23.09.45:357][303]Cmd: MAP CHECKDEP NOCLEARLOG
[2017.12.07-23.09.45:481][303]MapCheck: Info Map check complete: 0 Error(s), 0 Warning(s), took 124.809ms to complete.
[2017.12.07-23.09.45:481][303]LogFileHelpers: Loading map 'Toaster_Interior' took 0.214
[2017.12.07-23.09.45:485][303]LogSlate: Took 0.001380 seconds to synchronously load lazily loaded font '../../../Engine/Content/Slate/Fonts/Roboto-Regular.ttf' (155K)
[2017.12.07-23.10.40:485][440]LogLinker:Warning: Can't find file '/Game/Models/Component_3_003Mat'
[2017.12.07-23.10.40:485][440]LogLinker:Warning: Can't find file for asset '/Game/Models/Component_3_003Mat' while loading ../../../../../../Users/alrod_000/Documents/Unreal Projects/EAE 3660/Final Project/ToastFinal/Content/MayaExports/3d-model_Component_3_003.uasset.
[2017.12.07-23.10.40:485][440]LoadErrors:Error: Error /Game/MayaExports/3d-model_Component_3_003 : Can't find file for asset. /Game/Models/Component_3_003Mat
[2017.12.07-23.10.40:486][440]LogLinker:Warning: Can't find file '/Game/Models/Component_3_003Mat'
[2017.12.07-23.10.40:486][440]LogLinker:Warning: Can't find file for asset '/Game/Models/Component_3_003Mat' while loading ../../../../../../Users/alrod_000/Documents/Unreal Projects/EAE 3660/Final Project/ToastFinal/Content/MayaExports/3d-model_Component_3_003.uasset.
[2017.12.07-23.10.40:487][440]LogLinker:Warning: Can't find file '/Game/Models/Component_3_003Mat'
[2017.12.07-23.10.40:487][440]LoadErrors: Info Failed to load /Game/Models/Component_3_003Mat.Component_3_003Mat Referenced by 3d-model_Component_3_003
[2017.12.07-23.10.40:487][440]LogLinker:Warning: Can't find file for asset '/Game/Models/Component_3_003Mat' while loading NULL.
[2017.12.07-23.10.40:487][440]LogStaticMesh: Building static mesh 3d-model_Component_3_003...
[2017.12.07-23.10.40:528][440]LogStaticMesh: Built static mesh [0.04s] /Game/MayaExports/3d-model_Component_3_003.3d-model_Component_3_003
[2017.12.07-23.10.42:618][663]LogSavePackage: Save=12.86ms
[2017.12.07-23.10.42:618][663]LogSavePackage: Moving '../../../../../../Users/alrod_000/Documents/Unreal Projects/EAE 3660/Final Project/ToastFinal/Saved/3d-model_Component_3_00355DCD24C45CFD050A218E4A67BBEA5E3.tmp' to '../../../../../../Users/alrod_000/Documents/Unreal Projects/EAE 3660/Final Project/ToastFinal/Content/Models/3d-model_Component_3_003.uasset'
[2017.12.07-23.10.42:625][663]LogSavePackage:Display: Finished SavePackage ../../../../../../Users/alrod_000/Documents/Unreal Projects/EAE 3660/Final Project/ToastFinal/Content/Models/3d-model_Component_3_003.uasset
[2017.12.07-23.15.46:831][386]LogEditorViewport: Clicking on Actor (LMB): PointLight (PointLight4)
[2017.12.07-23.17.30:825][694]LogEditorViewport: Clicking on Actor (LMB): StaticMeshActor (alarm_Top2)
[2017.12.07-23.19.02:172][122]MapCheck: New page: Map Check
[2017.12.07-23.19.02:190][122]Cmd: MAP REBUILD ALLVISIBLE
[2017.12.07-23.19.02:191][122]LogEditorServer: Rebuildmap Clear paths rebuilt
[2017.12.07-23.19.02:362][122]LogMaterial: Missing cached shader map for material FDebugViewModeMaterialProxy WorldGridMaterial, compiling. Is special engine material.
[2017.12.07-23.19.02:370][122]LogMaterial: Missing cached shader map for material FDebugViewModeMaterialProxy Metal_ReinforcedGridWall, compiling. 
[2017.12.07-23.19.02:376][122]LogMaterial: Missing cached shader map for material FDebugViewModeMaterialProxy MaterialInstanceDynamic_2, compiling. 
[2017.12.07-23.19.02:382][122]LogMaterial: Missing cached shader map for material FDebugViewModeMaterialProxy Nick_Glass, compiling. 
[2017.12.07-23.19.02:389][122]LogMaterial: Missing cached shader map for material FDebugViewModeMaterialProxy NewMaterial, compiling. 
[2017.12.07-23.19.02:396][122]LogMaterial: Missing cached shader map for material FDebugViewModeMaterialProxy Metal_DiamondPlateSciFi, compiling. 
[2017.12.07-23.19.02:402][122]LogMaterial: Missing cached shader map for material FDebugViewModeMaterialProxy Ground_GrassThickGreen, compiling. 
[2017.12.07-23.19.02:410][122]LogMaterial: Missing cached shader map for material FDebugViewModeMaterialProxy Metal_CyberCube, compiling. 
[2017.12.07-23.19.02:417][122]LogMaterial: Missing cached shader map for material FDebugViewModeMaterialProxy GreenLight, compiling. 
[2017.12.07-23.19.02:423][122]LogMaterial: Missing cached shader map for material FDebugViewModeMaterialProxy Alarm_Shiny_Metal, compiling. 
[2017.12.07-23.19.02:429][122]LogMaterial: Missing cached shader map for material FDebugViewModeMaterialProxy MatteSilver, compiling. 
[2017.12.07-23.19.02:437][122]LogMaterial: Missing cached shader map for material FDebugViewModeMaterialProxy White, compiling. 
[2017.12.07-23.19.02:444][122]LogMaterial: Missing cached shader map for material FDebugViewModeMaterialProxy Red, compiling. 
[2017.12.07-23.19.02:450][122]LogMaterial: Missing cached shader map for material FDebugViewModeMaterialProxy Tan, compiling. 
[2017.12.07-23.19.02:457][122]LogMaterial: Missing cached shader map for material FDebugViewModeMaterialProxy material0, compiling. 
[2017.12.07-23.19.02:464][122]LogMaterial: Missing cached shader map for material FDebugViewModeMaterialProxy Light, compiling. 
[2017.12.07-23.19.02:470][122]LogMaterial: Missing cached shader map for material FDebugViewModeMaterialProxy Tile_Coloredtiles, compiling. 
[2017.12.07-23.19.02:476][122]LogMaterial: Missing cached shader map for material FDebugViewModeMaterialProxy Blue, compiling. 
[2017.12.07-23.19.02:482][122]LogMaterial: Missing cached shader map for material FDebugViewModeMaterialProxy MI_CineMat_CameraBody, compiling. 
[2017.12.07-23.19.02:489][122]LogMaterial: Missing cached shader map for material FDebugViewModeMaterialProxy MI_CineMat_CamViewFinder, compiling. 
[2017.12.07-23.19.03:930][122]TextureStreamingBuild:Display: Compiling optional shaders took 1.602 seconds.
[2017.12.07-23.19.03:984][122]LogLevel:Display: Export Material TexCoord Scales took 0.054 seconds.
[2017.12.07-23.19.03:996][122]TextureStreamingBuild:Display: Build Texture Streaming took 0.011 seconds.
[2017.12.07-23.19.04:008][122]LightingResults: New page: Lighting Build - Dec 7, 2017, 9:19:04 AM
[2017.12.07-23.19.04:072][122]LogSwarmInterface: [OpenConnection] Registering TCP channel ...
[2017.12.07-23.19.04:141][122]LogSwarmInterface: [OpenConnection] Connecting to agent ...
[2017.12.07-23.19.04:162][122]LogSwarmInterface: [TryOpenConnection] Testing the Agent
[2017.12.07-23.19.04:768][122]LogSwarmInterface: [TryOpenConnection] Opening Connection to Agent
[2017.12.07-23.19.04:768][122]LogSwarmInterface: [TryOpenConnection] Local Process ID is 8772
[2017.12.07-23.19.12:714][122]LogStaticLightingSystem:Warning: No importance volume found, so the scene bounding box was used.  You can optimize your scene's quality and lighting build times by adding importance volumes.
[2017.12.07-23.19.12:715][122]LogStaticLightingSystem: Running Lightmass w/ ImmediateImport mode ENABLED
[2017.12.07-23.19.12:715][122]LogStaticLightingSystem: Running Lightmass w/ ImmediateProcess mode ENABLED
[2017.12.07-23.19.12:715][122]LogStaticLightingSystem: Running Lightmass w/ Sorting mode ENABLED
[2017.12.07-23.19.12:715][122]LogStaticLightingSystem: Running Lightmass w/ Mapping paddings ENABLED
[2017.12.07-23.19.12:715][122]LogStaticLightingSystem: Running Lightmass w/ Mapping debug paddings DISABLED
[2017.12.07-23.19.12:966][122]Cmd: MAP CHECK DONTDISPLAYDIALOG
[2017.12.07-23.19.12:966][122]MapCheck: New page: Toaster_Interior - Dec 7, 2017, 9:19:12 AM
[2017.12.07-23.19.12:969][122]MapCheck:Warning: Warning ChairProp_2 Static mesh actor has NULL StaticMesh property 
[2017.12.07-23.19.12:969][122]MapCheck:Warning: Warning ChairProp_2 Static mesh actor has NULL StaticMesh property 
[2017.12.07-23.19.13:094][122]MapCheck: Info Map check complete: 0 Error(s), 2 Warning(s), took 128.571ms to complete.
[2017.12.07-23.19.13:117][122]LogEditorBuildUtils: Build time 0:10
[2017.12.07-23.19.13:222][123]LogMaterial: Missing cached shader map for material FLightmassMaterialRenderer White, compiling. 
[2017.12.07-23.19.13:229][123]LogMaterial: Missing cached shader map for material FLightmassMaterialRenderer White, compiling. 
[2017.12.07-23.19.26:012][724]Job is a success!
[2017.12.07-23.19.26:823][725]LogTexture:Display: Building textures: HQ_Lightmap0_1 (AutoDXT, 1024X1024)
[2017.12.07-23.19.26:823][725]LogTexture:Display: Building textures: LQ_Lightmap_0_1 (DXT1, 1024X1024)
[2017.12.07-23.19.26:823][725]LogTexture:Display: Building textures: HQ_Lightmap1_2 (AutoDXT, 1024X1024)
[2017.12.07-23.19.26:823][725]LogTexture:Display: Building textures: LQ_Lightmap_1_2 (DXT1, 1024X1024)
[2017.12.07-23.19.26:823][725]LogTexture:Display: Building textures: HQ_Lightmap1_3 (AutoDXT, 64X64)
[2017.12.07-23.19.26:823][725]LogTexture:Display: Building textures: LQ_Lightmap_1_3 (DXT1, 64X64)
[2017.12.07-23.19.26:909][725]LogTexture:Display: Building textures: ShadowMapTexture2D_2 (G8, 32X32)
[2017.12.07-23.19.26:909][725]LogTexture:Display: Building textures: ShadowMapTexture2D_1 (BGRA8, 1024X128)
[2017.12.07-23.19.26:909][725]LogTexture:Display: Building textures: ShadowMapTexture2D_0 (BGRA8, 512X512)
[2017.12.07-23.19.26:954][725]Lightmass on ALF: 12.5 sec total, 4.67 sec importing, 42 ms setup, 845 ms photons, 6.89 sec processing, 0 ms extra exporting [121/121 mappings]. Threads: 27.5 sec total, 17.4 sec processing.
[2017.12.07-23.19.26:978][725]LogStaticLightingSystem: Illumination: 22.9 sec (667 ms encoding lightmaps, 72 ms encoding shadowmaps)
[2017.12.07-23.19.26:978][725]LogStaticLightingSystem: Lightmap texture memory:  4.0 MB (2.0 MB streaming, 2.0 MB non-streaming), 6 textures
[2017.12.07-23.19.26:978][725]LogStaticLightingSystem: Shadowmap texture memory: 2.0 MB (0.7 MB streaming, 1.3 MB non-streaming), 3 textures
[2017.12.07-23.19.27:720][725]DumpUnbuiltLightIteractions
[2017.12.07-23.19.27:720][725]Lights with unbuilt interactions: 0
[2017.12.07-23.19.27:720][725]
[2017.12.07-23.19.27:720][725]Primitives with unbuilt interactions: 0
[2017.12.07-23.19.27:732][726]Cmd: MAP CHECK NOTIFYRESULTS
[2017.12.07-23.19.27:732][726]MapCheck: New page: Toaster_Interior - Dec 7, 2017, 9:19:27 AM
[2017.12.07-23.19.27:733][726]MapCheck:Warning: Warning ChairProp_2 Static mesh actor has NULL StaticMesh property 
[2017.12.07-23.19.27:733][726]MapCheck:Warning: Warning ChairProp_2 Static mesh actor has NULL StaticMesh property 
[2017.12.07-23.19.27:855][726]MapCheck: Info Map check complete: 0 Error(s), 2 Warning(s), took 123.711ms to complete.
[2017.12.07-23.19.51:952][896]MapCheck: New page: Map Check
[2017.12.07-23.19.51:973][896]Cmd: MAP REBUILD ALLVISIBLE
[2017.12.07-23.19.51:973][896]LogEditorServer: Rebuildmap Clear paths rebuilt
[2017.12.07-23.19.52:034][896]LogMaterial: Missing cached shader map for material FDebugViewModeMaterialProxy WorldGridMaterial, compiling. Is special engine material.
[2017.12.07-23.19.52:072][896]LogMaterial: Missing cached shader map for material FDebugViewModeMaterialProxy Metal_ReinforcedGridWall, compiling. 
[2017.12.07-23.19.52:078][896]LogMaterial: Missing cached shader map for material FDebugViewModeMaterialProxy MaterialInstanceDynamic_3, compiling. 
[2017.12.07-23.19.52:084][896]LogMaterial: Missing cached shader map for material FDebugViewModeMaterialProxy Nick_Glass, compiling. 
[2017.12.07-23.19.52:091][896]LogMaterial: Missing cached shader map for material FDebugViewModeMaterialProxy NewMaterial, compiling. 
[2017.12.07-23.19.52:098][896]LogMaterial: Missing cached shader map for material FDebugViewModeMaterialProxy Metal_DiamondPlateSciFi, compiling. 
[2017.12.07-23.19.52:104][896]LogMaterial: Missing cached shader map for material FDebugViewModeMaterialProxy Ground_GrassThickGreen, compiling. 
[2017.12.07-23.19.52:111][896]LogMaterial: Missing cached shader map for material FDebugViewModeMaterialProxy Metal_CyberCube, compiling. 
[2017.12.07-23.19.52:117][896]LogMaterial: Missing cached shader map for material FDebugViewModeMaterialProxy GreenLight, compiling. 
[2017.12.07-23.19.52:123][896]LogMaterial: Missing cached shader map for material FDebugViewModeMaterialProxy Alarm_Shiny_Metal, compiling. 
[2017.12.07-23.19.52:129][896]LogMaterial: Missing cached shader map for material FDebugViewModeMaterialProxy MatteSilver, compiling. 
[2017.12.07-23.19.52:137][896]LogMaterial: Missing cached shader map for material FDebugViewModeMaterialProxy White, compiling. 
[2017.12.07-23.19.52:143][896]LogMaterial: Missing cached shader map for material FDebugViewModeMaterialProxy Red, compiling. 
[2017.12.07-23.19.52:149][896]LogMaterial: Missing cached shader map for material FDebugViewModeMaterialProxy Tan, compiling. 
[2017.12.07-23.19.52:156][896]LogMaterial: Missing cached shader map for material FDebugViewModeMaterialProxy material0, compiling. 
[2017.12.07-23.19.52:162][896]LogMaterial: Missing cached shader map for material FDebugViewModeMaterialProxy Light, compiling. 
[2017.12.07-23.19.52:173][896]LogMaterial: Missing cached shader map for material FDebugViewModeMaterialProxy Tile_Coloredtiles, compiling. 
[2017.12.07-23.19.52:192][896]LogMaterial: Missing cached shader map for material FDebugViewModeMaterialProxy Blue, compiling. 
[2017.12.07-23.19.52:200][896]LogMaterial: Missing cached shader map for material FDebugViewModeMaterialProxy MI_CineMat_CameraBody, compiling. 
[2017.12.07-23.19.52:206][896]LogMaterial: Missing cached shader map for material FDebugViewModeMaterialProxy MI_CineMat_CamViewFinder, compiling. 
[2017.12.07-23.19.53:911][896]TextureStreamingBuild:Display: Compiling optional shaders took 1.882 seconds.
[2017.12.07-23.19.53:921][896]LogLevel:Display: Export Material TexCoord Scales took 0.010 seconds.
[2017.12.07-23.19.53:932][896]TextureStreamingBuild:Display: Build Texture Streaming took 0.010 seconds.
[2017.12.07-23.19.53:943][896]LightingResults: New page: Lighting Build - Dec 7, 2017, 9:19:53 AM
[2017.12.07-23.19.53:954][896]LogSwarmInterface: [OpenConnection] Registering TCP channel ...
[2017.12.07-23.19.53:956][896]LogSwarmInterface: [OpenConnection] Connecting to agent ...
[2017.12.07-23.19.53:956][896]LogSwarmInterface: [TryOpenConnection] Testing the Agent
[2017.12.07-23.19.53:957][896]LogSwarmInterface: [TryOpenConnection] Opening Connection to Agent
[2017.12.07-23.19.53:957][896]LogSwarmInterface: [TryOpenConnection] Local Process ID is 8772
[2017.12.07-23.19.58:493][896]LogStaticLightingSystem:Warning: No importance volume found, so the scene bounding box was used.  You can optimize your scene's quality and lighting build times by adding importance volumes.
[2017.12.07-23.19.58:493][896]LogStaticLightingSystem: Running Lightmass w/ ImmediateImport mode ENABLED
[2017.12.07-23.19.58:493][896]LogStaticLightingSystem: Running Lightmass w/ ImmediateProcess mode ENABLED
[2017.12.07-23.19.58:493][896]LogStaticLightingSystem: Running Lightmass w/ Sorting mode ENABLED
[2017.12.07-23.19.58:493][896]LogStaticLightingSystem: Running Lightmass w/ Mapping paddings ENABLED
[2017.12.07-23.19.58:493][896]LogStaticLightingSystem: Running Lightmass w/ Mapping debug paddings DISABLED
[2017.12.07-23.19.58:646][896]Cmd: MAP CHECK DONTDISPLAYDIALOG
[2017.12.07-23.19.58:646][896]MapCheck: New page: Toaster_Interior - Dec 7, 2017, 9:19:58 AM
[2017.12.07-23.19.58:646][896]MapCheck:Warning: Warning ChairProp_2 Static mesh actor has NULL StaticMesh property 
[2017.12.07-23.19.58:646][896]MapCheck:Warning: Warning ChairProp_2 Static mesh actor has NULL StaticMesh property 
[2017.12.07-23.19.58:767][896]MapCheck: Info Map check complete: 0 Error(s), 2 Warning(s), took 121.546ms to complete.
[2017.12.07-23.19.58:790][896]LogEditorBuildUtils: Build time 0:06
[2017.12.07-23.20.06:007][919]Job is a success!
[2017.12.07-23.20.07:244][920]LogTexture:Display: Building textures: HQ_Lightmap1_1 (AutoDXT, 1024X1024)
[2017.12.07-23.20.07:244][920]LogTexture:Display: Building textures: LQ_Lightmap_1_1 (DXT1, 1024X1024)
[2017.12.07-23.20.07:244][920]LogTexture:Display: Building textures: HQ_Lightmap0_2 (AutoDXT, 1024X1024)
[2017.12.07-23.20.07:244][920]LogTexture:Display: Building textures: LQ_Lightmap_0_2 (DXT1, 1024X1024)
[2017.12.07-23.20.07:244][920]LogTexture:Display: Building textures: HQ_Lightmap0_3 (AutoDXT, 64X64)
[2017.12.07-23.20.07:244][920]LogTexture:Display: Building textures: LQ_Lightmap_0_3 (DXT1, 64X64)
[2017.12.07-23.20.07:338][920]LogTexture:Display: Building textures: ShadowMapTexture2D_5 (G8, 32X32)
[2017.12.07-23.20.07:338][920]LogTexture:Display: Building textures: ShadowMapTexture2D_4 (BGRA8, 1024X128)
[2017.12.07-23.20.07:338][920]LogTexture:Display: Building textures: ShadowMapTexture2D_3 (BGRA8, 512X512)
[2017.12.07-23.20.07:382][920]Lightmass on ALF: 7.90 sec total, 129 ms importing, 41 ms setup, 918 ms photons, 6.77 sec processing, 0 ms extra exporting [121/121 mappings]. Threads: 27.0 sec total, 15.0 sec processing.
[2017.12.07-23.20.07:388][920]LogStaticLightingSystem: Illumination: 13.0 sec (781 ms encoding lightmaps, 86 ms encoding shadowmaps)
[2017.12.07-23.20.07:388][920]LogStaticLightingSystem: Lightmap texture memory:  4.0 MB (2.0 MB streaming, 2.0 MB non-streaming), 6 textures
[2017.12.07-23.20.07:388][920]LogStaticLightingSystem: Shadowmap texture memory: 2.0 MB (0.7 MB streaming, 1.3 MB non-streaming), 3 textures
[2017.12.07-23.20.07:497][920]DumpUnbuiltLightIteractions
[2017.12.07-23.20.07:497][920]Lights with unbuilt interactions: 0
[2017.12.07-23.20.07:497][920]
[2017.12.07-23.20.07:497][920]Primitives with unbuilt interactions: 0
[2017.12.07-23.20.07:508][921]Cmd: MAP CHECK NOTIFYRESULTS
[2017.12.07-23.20.07:508][921]MapCheck: New page: Toaster_Interior - Dec 7, 2017, 9:20:07 AM
[2017.12.07-23.20.07:509][921]MapCheck:Warning: Warning ChairProp_2 Static mesh actor has NULL StaticMesh property 
[2017.12.07-23.20.07:509][921]MapCheck:Warning: Warning ChairProp_2 Static mesh actor has NULL StaticMesh property 
[2017.12.07-23.20.07:637][921]MapCheck: Info Map check complete: 0 Error(s), 2 Warning(s), took 128.83ms to complete.
[2017.12.07-23.20.22:242][223]LogSavePackage: Save=129.41ms
[2017.12.07-23.20.22:242][223]LogSavePackage: Moving '../../../../../../Users/alrod_000/Documents/Unreal Projects/EAE 3660/Final Project/ToastFinal/Saved/Toaster_InteriorA52981214A6D743BA27BDBBEE1F4CDB3.tmp' to '../../../../../../Users/alrod_000/Documents/Unreal Projects/EAE 3660/Final Project/ToastFinal/Content/Maps/Toaster_Interior.umap'
[2017.12.07-23.20.22:250][223]LogSavePackage:Display: Finished SavePackage ../../../../../../Users/alrod_000/Documents/Unreal Projects/EAE 3660/Final Project/ToastFinal/Content/Maps/Toaster_Interior.umap
[2017.12.07-23.20.22:403][223]LogSavePackage: Save=106.59ms
[2017.12.07-23.20.22:403][223]LogSavePackage: Moving '../../../../../../Users/alrod_000/Documents/Unreal Projects/EAE 3660/Final Project/ToastFinal/Saved/Toaster_Interior_BuiltData578BAAC4413975630A8BCDB9DD9A2487.tmp' to '../../../../../../Users/alrod_000/Documents/Unreal Projects/EAE 3660/Final Project/ToastFinal/Content/Maps/Toaster_Interior_BuiltData.uasset'
[2017.12.07-23.20.22:411][223]LogSavePackage:Display: Finished SavePackage ../../../../../../Users/alrod_000/Documents/Unreal Projects/EAE 3660/Final Project/ToastFinal/Content/Maps/Toaster_Interior_BuiltData.uasset
[2017.12.07-23.24.51:928][805]LogSavePackage: Save=14.69ms
[2017.12.07-23.24.51:928][805]LogSavePackage: Moving '../../../../../../Users/alrod_000/Documents/Unreal Projects/EAE 3660/Final Project/ToastFinal/Saved/Shot-GreenAlarmA0D854D74BD81D3E03BEA390E9836C10.tmp' to '../../../../../../Users/alrod_000/Documents/Unreal Projects/EAE 3660/Final Project/ToastFinal/Content/Cinematics/Sequences/Shots/MiscellanousShots/Shot-GreenAlarm.uasset'
[2017.12.07-23.24.51:936][805]LogSavePackage:Display: Finished SavePackage ../../../../../../Users/alrod_000/Documents/Unreal Projects/EAE 3660/Final Project/ToastFinal/Content/Cinematics/Sequences/Shots/MiscellanousShots/Shot-GreenAlarm.uasset
[2017.12.07-23.24.52:211][805]LogSavePackage: Save=127.56ms
[2017.12.07-23.24.52:211][805]LogSavePackage: Moving '../../../../../../Users/alrod_000/Documents/Unreal Projects/EAE 3660/Final Project/ToastFinal/Saved/Toaster_Interior4E95938E4F9F8C36E61FB287573E5049.tmp' to '../../../../../../Users/alrod_000/Documents/Unreal Projects/EAE 3660/Final Project/ToastFinal/Content/Maps/Toaster_Interior.umap'
[2017.12.07-23.24.52:218][805]LogSavePackage:Display: Finished SavePackage ../../../../../../Users/alrod_000/Documents/Unreal Projects/EAE 3660/Final Project/ToastFinal/Content/Maps/Toaster_Interior.umap
[2017.12.07-23.24.52:253][805]LogFileHelpers: Saving map 'Toaster_Interior' took 0.314
[2017.12.07-23.24.52:492][806]Cmd: QUIT_EDITOR
[2017.12.07-23.24.52:541][806]LogWindowsTextInputMethodSystem:Display: IME system now deactivated.
[2017.12.07-23.24.52:557][806]LogExit: Preparing to exit.
[2017.12.07-23.24.52:985][806]LogDirectoryWatcher: A directory notification for 'C:/Users/alrod_000/Documents/Unreal Projects/EAE 3660/Final Project/ToastFinal/Content/' was aborted.
[2017.12.07-23.24.53:004][806]LogExit: Editor shut down
[2017.12.07-23.24.53:007][806]LogExit: Transaction tracking system shut down
[2017.12.07-23.24.53:160][806]LogObj: Freed 0b from 0 cluster array pools.
[2017.12.07-23.24.53:160][806]LogExit: Object subsystem successfully closed.
[2017.12.07-23.24.53:189][806]LogD3D11RHI: Shutdown
[2017.12.07-23.24.53:189][806]LogD3D11RHI: CleanupD3DDevice
[2017.12.07-23.24.53:285][806]LogD3D11RHI: ~FD3D11DynamicRHI
[2017.12.07-23.24.53:342][806]LogModuleManager: Shutting down and abandoning module HierarchicalLODUtilities (538)
[2017.12.07-23.24.53:342][806]LogModuleManager: Shutting down and abandoning module SequencerWidgets (536)
[2017.12.07-23.24.53:342][806]LogModuleManager: Shutting down and abandoning module MaterialEditor (534)
[2017.12.07-23.24.53:342][806]LogModuleManager: Shutting down and abandoning module StaticMeshEditor (532)
[2017.12.07-23.24.53:342][806]LogModuleManager: Shutting down and abandoning module ClothingSystemEditorInterface (530)
[2017.12.07-23.24.53:342][806]LogModuleManager: Shutting down and abandoning module SkeletonEditor (528)
[2017.12.07-23.24.53:342][806]LogModuleManager: Shutting down and abandoning module SkeletalMeshEditor (526)
[2017.12.07-23.24.53:342][806]LogModuleManager: Shutting down and abandoning module HierarchicalLODOutliner (524)
[2017.12.07-23.24.53:342][806]LogModuleManager: Shutting down and abandoning module CrashTracker (522)
[2017.12.07-23.24.53:342][806]LogModuleManager: Shutting down and abandoning module SceneOutliner (520)
[2017.12.07-23.24.53:342][806]LogModuleManager: Shutting down and abandoning module AddContentDialog (518)
[2017.12.07-23.24.53:343][806]LogDirectoryWatcher: A directory notification for 'C:/Program Files/Epic Games/UE_4.16/FeaturePacks/' was aborted.
[2017.12.07-23.24.53:344][806]LogModuleManager: Shutting down and abandoning module WidgetCarousel (517)
[2017.12.07-23.24.53:344][806]LogModuleManager: Shutting down and abandoning module EditorWidgets (514)
[2017.12.07-23.24.53:344][806]LogModuleManager: Shutting down and abandoning module CollectionManager (512)
[2017.12.07-23.24.53:344][806]LogDirectoryWatcher: A directory notification for 'C:/Users/alrod_000/Documents/Unreal Projects/EAE 3660/Final Project/ToastFinal/Content/Collections/' was aborted.
[2017.12.07-23.24.53:344][806]LogDirectoryWatcher: A directory notification for 'C:/Users/alrod_000/Documents/Unreal Projects/EAE 3660/Final Project/ToastFinal/Content/Developers/alrod000/Collections/' was aborted.
[2017.12.07-23.24.53:344][806]LogDirectoryWatcher: A directory notification for 'C:/Users/alrod_000/Documents/Unreal Projects/EAE 3660/Final Project/ToastFinal/Saved/Collections/' was aborted.
[2017.12.07-23.24.53:344][806]LogModuleManager: Shutting down and abandoning module StatsViewer (510)
[2017.12.07-23.24.53:344][806]LogModuleManager: Shutting down and abandoning module FoliageEdit (508)
[2017.12.07-23.24.53:344][806]LogModuleManager: Shutting down and abandoning module LandscapeEditor (506)
[2017.12.07-23.24.53:346][806]LogModuleManager: Shutting down and abandoning module MeshPaintMode (504)
[2017.12.07-23.24.53:346][806]LogModuleManager: Shutting down and abandoning module SceneDepthPickerMode (502)
[2017.12.07-23.24.53:346][806]LogModuleManager: Shutting down and abandoning module ActorPickerMode (500)
[2017.12.07-23.24.53:346][806]LogModuleManager: Shutting down and abandoning module GeometryMode (498)
[2017.12.07-23.24.53:346][806]LogModuleManager: Shutting down and abandoning module TextureAlignMode (496)
[2017.12.07-23.24.53:346][806]LogModuleManager: Shutting down and abandoning module BspMode (494)
[2017.12.07-23.24.53:346][806]LogModuleManager: Shutting down and abandoning module HardwareSurvey (492)
[2017.12.07-23.24.53:346][806]LogModuleManager: Shutting down and abandoning module SequenceRecorderSections (490)
[2017.12.07-23.24.53:346][806]LogModuleManager: Shutting down and abandoning module AutomationWorker (488)
[2017.12.07-23.24.53:347][806]LogModuleManager: Shutting down and abandoning module MatineeToLevelSequence (486)
[2017.12.07-23.24.53:347][806]LogModuleManager: Shutting down and abandoning module LevelSequenceEditor (484)
[2017.12.07-23.24.53:347][806]LogModuleManager: Shutting down and abandoning module PlacementMode (483)
[2017.12.07-23.24.53:347][806]LogModuleManager: Shutting down and abandoning module WmfMediaFactory (480)
[2017.12.07-23.24.53:347][806]LogModuleManager: Shutting down and abandoning module WmfMediaEditor (478)
[2017.12.07-23.24.53:347][806]LogModuleManager: Shutting down and abandoning module AvfMediaFactory (476)
[2017.12.07-23.24.53:347][806]LogModuleManager: Shutting down and abandoning module AvfMediaEditor (474)
[2017.12.07-23.24.53:347][806]LogModuleManager: Shutting down and abandoning module AndroidMediaFactory (472)
[2017.12.07-23.24.53:347][806]LogModuleManager: Shutting down and abandoning module Media (471)
[2017.12.07-23.24.53:347][806]LogModuleManager: Shutting down and abandoning module AndroidMediaEditor (468)
[2017.12.07-23.24.53:347][806]LogModuleManager: Shutting down and abandoning module CharacterAI (466)
[2017.12.07-23.24.53:347][806]LogModuleManager: Shutting down and abandoning module AudioCapture (464)
[2017.12.07-23.24.53:348][806]LogModuleManager: Shutting down and abandoning module SequenceRecorder (463)
[2017.12.07-23.24.53:348][806]LogModuleManager: Shutting down and abandoning module SmartSnapping (460)
[2017.12.07-23.24.53:349][806]LogModuleManager: Shutting down and abandoning module SessionServices (458)
[2017.12.07-23.24.53:349][806]LogModuleManager: Shutting down and abandoning module ViewportSnapping (456)
[2017.12.07-23.24.53:349][806]LogModuleManager: Shutting down and abandoning module ViewportInteraction (454)
[2017.12.07-23.24.53:349][806]LogModuleManager: Shutting down and abandoning module ClothPainter (452)
[2017.12.07-23.24.53:350][806]LogModuleManager: Shutting down and abandoning module LogVisualizer (450)
[2017.12.07-23.24.53:351][806]LogModuleManager: Shutting down and abandoning module IntroTutorials (448)
[2017.12.07-23.24.53:353][806]LogModuleManager: Shutting down and abandoning module GameProjectGeneration (447)
[2017.12.07-23.24.53:354][806]LogModuleManager: Shutting down and abandoning module EditorLiveStreaming (444)
[2017.12.07-23.24.53:354][806]LogModuleManager: Shutting down and abandoning module IOSPlatformEditor (442)
[2017.12.07-23.24.53:355][806]LogModuleManager: Shutting down and abandoning module HTML5PlatformEditor (440)
[2017.12.07-23.24.53:355][806]LogModuleManager: Shutting down and abandoning module AndroidPlatformEditor (438)
[2017.12.07-23.24.53:355][806]LogModuleManager: Shutting down and abandoning module AndroidDeviceDetection (437)
[2017.12.07-23.24.54:185][806]LogModuleManager: Shutting down and abandoning module IOSRuntimeSettings (434)
[2017.12.07-23.24.54:185][806]LogModuleManager: Shutting down and abandoning module AndroidRuntimeSettings (432)
[2017.12.07-23.24.54:185][806]LogModuleManager: Shutting down and abandoning module InputBindingEditor (430)
[2017.12.07-23.24.54:185][806]LogModuleManager: Shutting down and abandoning module MergeActors (428)
[2017.12.07-23.24.54:188][806]LogModuleManager: Shutting down and abandoning module SizeMap (426)
[2017.12.07-23.24.54:188][806]LogModuleManager: Shutting down and abandoning module TreeMap (424)
[2017.12.07-23.24.54:191][806]LogModuleManager: Shutting down and abandoning module ReferenceViewer (422)
[2017.12.07-23.24.54:192][806]LogModuleManager: Shutting down and abandoning module LocalizationDashboard (420)
[2017.12.07-23.24.54:197][806]LogModuleManager: Shutting down and abandoning module LocalizationService (419)
[2017.12.07-23.24.54:197][806]LogModuleManager: Shutting down and abandoning module HardwareTargeting (416)
[2017.12.07-23.24.54:197][806]LogModuleManager: Shutting down and abandoning module DeviceProfileEditor (414)
[2017.12.07-23.24.54:197][806]LogModuleManager: Shutting down and abandoning module UndoHistory (412)
[2017.12.07-23.24.54:198][806]LogModuleManager: Shutting down and abandoning module UserFeedback (410)
[2017.12.07-23.24.54:198][806]LogModuleManager: Shutting down and abandoning module XmlParser (408)
[2017.12.07-23.24.54:200][806]LogModuleManager: Shutting down and abandoning module Blutility (406)
[2017.12.07-23.24.54:201][806]LogModuleManager: Shutting down and abandoning module ProjectSettingsViewer (404)
[2017.12.07-23.24.54:201][806]LogModuleManager: Shutting down and abandoning module ProjectTargetPlatformEditor (403)
[2017.12.07-23.24.54:202][806]LogModuleManager: Shutting down and abandoning module EditorSettingsViewer (400)
[2017.12.07-23.24.54:202][806]LogModuleManager: Shutting down and abandoning module SettingsEditor (398)
[2017.12.07-23.24.54:203][806]LogModuleManager: Shutting down and abandoning module ProjectLauncher (396)
[2017.12.07-23.24.54:204][806]LogModuleManager: Shutting down and abandoning module SessionFrontend (394)
[2017.12.07-23.24.54:205][806]LogModuleManager: Shutting down and abandoning module ProfilerClient (392)
[2017.12.07-23.24.54:206][806]LogModuleManager: Shutting down and abandoning module DeviceManager (390)
[2017.12.07-23.24.54:208][806]LogModuleManager: Shutting down and abandoning module TargetDeviceServices (389)
[2017.12.07-23.24.54:274][806]LogModuleManager: Shutting down and abandoning module AutomationController (386)
[2017.12.07-23.24.54:274][806]LogModuleManager: Shutting down and abandoning module AutomationWindow (384)
[2017.12.07-23.24.54:275][806]LogModuleManager: Shutting down and abandoning module Layers (382)
[2017.12.07-23.24.54:276][806]LogModuleManager: Shutting down and abandoning module ComponentVisualizers (380)
[2017.12.07-23.24.54:277][806]LogModuleManager: Shutting down and abandoning module DetailCustomizations (378)
[2017.12.07-23.24.54:277][806]LogModuleManager: Shutting down and abandoning module PackagesDialog (376)
[2017.12.07-23.24.54:277][806]LogModuleManager: Shutting down and abandoning module Persona (374)
[2017.12.07-23.24.54:277][806]LogModuleManager: Shutting down and abandoning module AdvancedPreviewScene (373)
[2017.12.07-23.24.54:277][806]LogModuleManager: Shutting down and abandoning module AnimGraph (371)
[2017.12.07-23.24.54:277][806]LogModuleManager: Shutting down and abandoning module Kismet (368)
[2017.12.07-23.24.54:278][806]LogModuleManager: Shutting down and abandoning module ClassViewer (366)
[2017.12.07-23.24.54:278][806]LogModuleManager: Shutting down and abandoning module Toolbox (364)
[2017.12.07-23.24.54:279][806]LogModuleManager: Shutting down and abandoning module ModuleUI (362)
[2017.12.07-23.24.54:279][806]LogModuleManager: Shutting down and abandoning module MovieSceneTools (360)
[2017.12.07-23.24.54:279][806]LogModuleManager: Shutting down and abandoning module OutputLog (358)
[2017.12.07-23.24.54:280][806]LogModuleManager: Shutting down and abandoning module GammaUI (356)
[2017.12.07-23.24.54:280][806]LogModuleManager: Shutting down and abandoning module Documentation (354)
[2017.12.07-23.24.54:280][806]LogModuleManager: Shutting down and abandoning module MovieSceneTracks (352)
[2017.12.07-23.24.54:280][806]LogModuleManager: Shutting down and abandoning module MovieScene (350)
[2017.12.07-23.24.54:280][806]LogModuleManager: Shutting down and abandoning module Niagara (348)
[2017.12.07-23.24.54:280][806]LogModuleManager: Shutting down and abandoning module NiagaraEditor (347)
[2017.12.07-23.24.54:282][806]LogModuleManager: Shutting down and abandoning module StreamingPauseRendering (344)
[2017.12.07-23.24.54:282][806]LogModuleManager: Shutting down and abandoning module AnalyticsET (342)
[2017.12.07-23.24.54:282][806]LogModuleManager: Shutting down and abandoning module PortalServices (340)
[2017.12.07-23.24.54:282][806]LogModuleManager: Shutting down and abandoning module PortalRpc (338)
[2017.12.07-23.24.54:282][806]LogModuleManager: Shutting down and abandoning module MessagingRpc (336)
[2017.12.07-23.24.54:282][806]LogModuleManager: Shutting down and abandoning module AIModule (334)
[2017.12.07-23.24.54:282][806]LogModuleManager: Shutting down and abandoning module GameplayDebugger (333)
[2017.12.07-23.24.54:282][806]LogModuleManager: Shutting down and abandoning module AITestSuite (331)
[2017.12.07-23.24.54:283][806]LogModuleManager: Shutting down and abandoning module ProfilerService (328)
[2017.12.07-23.24.54:452][806]LogModuleManager: Shutting down and abandoning module TaskGraph (326)
[2017.12.07-23.24.54:453][806]LogModuleManager: Shutting down and abandoning module SteamVRController (324)
[2017.12.07-23.24.54:453][806]LogModuleManager: Shutting down and abandoning module SteamVR (322)
[2017.12.07-23.24.54:453][806]LogModuleManager: Shutting down and abandoning module ProceduralMeshComponentEditor (320)
[2017.12.07-23.24.54:453][806]LogModuleManager: Shutting down and abandoning module ProceduralMeshComponent (318)
[2017.12.07-23.24.54:454][806]LogModuleManager: Shutting down and abandoning module OculusLibrary (316)
[2017.12.07-23.24.54:454][806]LogModuleManager: Shutting down and abandoning module OculusInput (314)
[2017.12.07-23.24.54:454][806]LogModuleManager: Shutting down and abandoning module MobilePatchingUtils (312)
[2017.12.07-23.24.54:454][806]LogModuleManager: Shutting down and abandoning module CustomMeshComponent (310)
[2017.12.07-23.24.54:454][806]LogModuleManager: Shutting down and abandoning module CableComponent (308)
[2017.12.07-23.24.54:454][806]LogModuleManager: Shutting down and abandoning module ArchVisCharacter (306)
[2017.12.07-23.24.54:454][806]LogModuleManager: Shutting down and abandoning module AndroidPermission (304)
[2017.12.07-23.24.54:454][806]LogModuleManager: Shutting down and abandoning module MediaPlayerEditor (300)
[2017.12.07-23.24.54:456][806]LogModuleManager: Shutting down and abandoning module HTML5Networking (298)
[2017.12.07-23.24.54:456][806]LogModuleManager: Shutting down and abandoning module AlembicImporter (296)
[2017.12.07-23.24.54:456][806]LogModuleManager: Shutting down and abandoning module AlembicLibrary (295)
[2017.12.07-23.24.54:456][806]LogModuleManager: Shutting down and abandoning module GeometryCache (294)
[2017.12.07-23.24.54:456][806]LogModuleManager: Shutting down and abandoning module GeometryCacheEd (293)
[2017.12.07-23.24.54:456][806]LogModuleManager: Shutting down and abandoning module SuperSearchEditor (288)
[2017.12.07-23.24.54:456][806]LogModuleManager: Shutting down and abandoning module SuperSearch (287)
[2017.12.07-23.24.54:456][806]LogModuleManager: Shutting down and abandoning module SpeedTreeImporter (284)
[2017.12.07-23.24.54:457][806]LogModuleManager: Shutting down and abandoning module PluginBrowser (282)
[2017.12.07-23.24.54:458][806]LogModuleManager: Shutting down and abandoning module MobileLauncherProfileWizard (280)
[2017.12.07-23.24.54:459][806]LogModuleManager: Shutting down and abandoning module VisualStudioSourceCodeAccess (278)
[2017.12.07-23.24.54:459][806]LogModuleManager: Shutting down and abandoning module DesktopPlatform (277)
[2017.12.07-23.24.54:459][806]LogModuleManager: Shutting down and abandoning module UObjectPlugin (274)
[2017.12.07-23.24.54:459][806]LogModuleManager: Shutting down and abandoning module SubversionSourceControl (272)
[2017.12.07-23.24.54:460][806]LogModuleManager: Shutting down and abandoning module PerforceSourceControl (270)
[2017.12.07-23.24.54:460][806]LogModuleManager: Shutting down and abandoning module GitSourceControl (268)
[2017.12.07-23.24.54:461][806]LogModuleManager: Shutting down and abandoning module SourceControl (267)
[2017.12.07-23.24.54:461][806]LogModuleManager: Shutting down and abandoning module LightPropagationVolumeEditor (264)
[2017.12.07-23.24.54:461][806]LogModuleManager: Shutting down and abandoning module PaperTiledImporter (262)
[2017.12.07-23.24.54:461][806]LogModuleManager: Shutting down and abandoning module PaperSpriteSheetImporter (260)
[2017.12.07-23.24.54:461][806]LogModuleManager: Shutting down and abandoning module Paper2DEditor (258)
[2017.12.07-23.24.54:461][806]LogModuleManager: Shutting down and abandoning module MeshPaint (257)
[2017.12.07-23.24.54:462][806]LogModuleManager: Shutting down and abandoning module LevelEditor (255)
[2017.12.07-23.24.54:462][806]LogModuleManager: Shutting down and abandoning module PixelInspectorModule (254)
[2017.12.07-23.24.54:463][806]LogModuleManager: Shutting down and abandoning module MainFrame (252)
[2017.12.07-23.24.54:463][806]LogModuleManager: Shutting down and abandoning module HotReload (251)
[2017.12.07-23.24.54:464][806]LogModuleManager: Shutting down and abandoning module PhysXVehiclesEditor (246)
[2017.12.07-23.24.54:464][806]LogModuleManager: Shutting down and abandoning module PhysXVehicles (244)
[2017.12.07-23.24.54:465][806]LogModuleManager: Shutting down and abandoning module LocationServicesBPLibrary (242)
[2017.12.07-23.24.54:465][806]LogModuleManager: Shutting down and abandoning module ImmediatePhysicsEditor (240)
[2017.12.07-23.24.54:465][806]LogModuleManager: Shutting down and abandoning module ImmediatePhysics (238)
[2017.12.07-23.24.54:465][806]LogModuleManager: Shutting down and abandoning module UdpMessaging (236)
[2017.12.07-23.24.54:567][806]LogModuleManager: Shutting down and abandoning module TcpMessaging (234)
[2017.12.07-23.24.54:667][806]LogModuleManager: Shutting down and abandoning module GameplayTagsEditor (232)
[2017.12.07-23.24.54:668][806]LogModuleManager: Shutting down and abandoning module FacialAnimationEditor (230)
[2017.12.07-23.24.54:668][806]LogModuleManager: Shutting down and abandoning module FacialAnimation (228)
[2017.12.07-23.24.54:668][806]LogModuleManager: Shutting down and abandoning module AssetManagerEditor (226)
[2017.12.07-23.24.54:669][806]LogModuleManager: Shutting down and abandoning module GraphEditor (225)
[2017.12.07-23.24.54:669][806]LogModuleManager: Shutting down and abandoning module ContentBrowser (223)
[2017.12.07-23.24.54:670][806]LogModuleManager: Shutting down and abandoning module LightPropagationVolumeRuntime (220)
[2017.12.07-23.24.54:670][806]LogModuleManager: Shutting down and abandoning module Paper2D (218)
[2017.12.07-23.24.54:670][806]LogModuleManager: Shutting down and abandoning module WindowsMoviePlayer (216)
[2017.12.07-23.24.54:670][806]LogModuleManager: Shutting down and abandoning module WmfMedia (214)
[2017.12.07-23.24.54:671][806]LogModuleManager: Shutting down and abandoning module ClothingSystemEditor (212)
[2017.12.07-23.24.54:671][806]LogModuleManager: Shutting down and abandoning module ClothingSystemRuntime (210)
[2017.12.07-23.24.54:671][806]LogModuleManager: Shutting down and abandoning module MediaAssets (208)
[2017.12.07-23.24.54:671][806]LogModuleManager: Shutting down and abandoning module GameLiveStreaming (206)
[2017.12.07-23.24.54:672][806]LogModuleManager: Shutting down and abandoning module VREditor (204)
[2017.12.07-23.24.54:672][806]LogModuleManager: Shutting down and abandoning module StringTableEditor (202)
[2017.12.07-23.24.54:673][806]LogModuleManager: Shutting down and abandoning module GameplayTasksEditor (200)
[2017.12.07-23.24.54:673][806]LogModuleManager: Shutting down and abandoning module BehaviorTreeEditor (198)
[2017.12.07-23.24.54:675][806]LogModuleManager: Shutting down and abandoning module FunctionalTesting (196)
[2017.12.07-23.24.54:675][806]LogModuleManager: Shutting down and abandoning module CollisionAnalyzer (194)
[2017.12.07-23.24.54:676][806]LogModuleManager: Shutting down and abandoning module UMG (192)
[2017.12.07-23.24.54:676][806]LogModuleManager: Shutting down and abandoning module UMGEditor (191)
[2017.12.07-23.24.54:677][806]LogModuleManager: Shutting down and abandoning module Sequencer (190)
[2017.12.07-23.24.54:678][806]LogModuleManager: Shutting down and abandoning module AssetTools (188)
[2017.12.07-23.24.54:679][806]LogModuleManager: Shutting down and abandoning module MessageLog (187)
[2017.12.07-23.24.54:679][806]LogModuleManager: Shutting down and abandoning module WorkspaceMenuStructure (186)
[2017.12.07-23.24.54:679][806]LogModuleManager: Shutting down and abandoning module SlateReflector (180)
[2017.12.07-23.24.54:682][806]LogModuleManager: Shutting down and abandoning module Slate (178)
[2017.12.07-23.24.54:682][806]LogModuleManager: Shutting down and abandoning module EditorStyle (176)
[2017.12.07-23.24.54:686][806]LogModuleManager: Shutting down and abandoning module SourceCodeAccess (174)
[2017.12.07-23.24.54:686][806]LogModuleManager: Shutting down and abandoning module HeadMountedDisplay (172)
[2017.12.07-23.24.54:686][806]LogModuleManager: Shutting down and abandoning module XAudio2 (170)
[2017.12.07-23.24.54:686][806]LogModuleManager: Shutting down and abandoning module Networking (168)
[2017.12.07-23.24.54:686][806]LogModuleManager: Shutting down and abandoning module Core (164)
[2017.12.07-23.24.54:686][806]LogModuleManager: Shutting down and abandoning module AssetRegistry (162)
[2017.12.07-23.24.54:856][806]LogDirectoryWatcher: A directory notification for '../../../Engine/Content/' was aborted.
[2017.12.07-23.24.54:856][806]LogDirectoryWatcher: A directory notification for '../../../../../../Users/alrod_000/Documents/Unreal Projects/EAE 3660/Final Project/ToastFinal/Content/' was aborted.
[2017.12.07-23.24.54:856][806]LogDirectoryWatcher: A directory notification for '../../../Engine/Plugins/2D/Paper2D/Content/' was aborted.
[2017.12.07-23.24.54:856][806]LogDirectoryWatcher: A directory notification for '../../../Engine/Plugins/Runtime/GearVR/Content/' was aborted.
[2017.12.07-23.24.54:859][806]LogModuleManager: Shutting down and abandoning module DirectoryWatcher (161)
[2017.12.07-23.24.54:859][806]LogModuleManager: Shutting down and abandoning module KismetCompiler (158)
[2017.12.07-23.24.54:859][806]LogModuleManager: Shutting down and abandoning module LevelSequence (156)
[2017.12.07-23.24.54:859][806]LogModuleManager: Shutting down and abandoning module PhysXFormats (154)
[2017.12.07-23.24.54:859][806]LogModuleManager: Shutting down and abandoning module MeshUtilities (152)
[2017.12.07-23.24.54:859][806]LogModuleManager: Shutting down and abandoning module SimplygonSwarm (151)
[2017.12.07-23.24.54:860][806]LogModuleManager: Shutting down and abandoning module SimplygonMeshReduction (149)
[2017.12.07-23.24.54:860][806]LogModuleManager: Shutting down and abandoning module QuadricMeshReduction (147)
[2017.12.07-23.24.54:861][806]LogModuleManager: Shutting down and abandoning module DerivedDataCache (144)
[2017.12.07-23.24.54:938][806]LogDerivedDataCache: Shutdown
[2017.12.07-23.24.54:938][806]LogModuleManager: Shutting down and abandoning module TargetPlatform (142)
[2017.12.07-23.24.54:938][806]LogModuleManager: Shutting down and abandoning module VulkanShaderFormat (141)
[2017.12.07-23.24.54:939][806]LogModuleManager: Shutting down and abandoning module ShaderFormatVectorVM (139)
[2017.12.07-23.24.54:940][806]LogModuleManager: Shutting down and abandoning module ShaderFormatOpenGL (137)
[2017.12.07-23.24.54:941][806]LogModuleManager: Shutting down and abandoning module ShaderFormatD3D (135)
[2017.12.07-23.24.54:941][806]LogModuleManager: Shutting down and abandoning module MetalShaderFormat (133)
[2017.12.07-23.24.54:942][806]LogModuleManager: Shutting down and abandoning module TextureFormatUncompressed (131)
[2017.12.07-23.24.54:942][806]LogModuleManager: Shutting down and abandoning module TextureFormatPVR (129)
[2017.12.07-23.24.54:942][806]LogModuleManager: Shutting down and abandoning module TextureFormatDXT (127)
[2017.12.07-23.24.54:942][806]LogModuleManager: Shutting down and abandoning module TextureFormatIntelISPCTexComp (125)
[2017.12.07-23.24.54:943][806]LogModuleManager: Shutting down and abandoning module TextureFormatASTC (123)
[2017.12.07-23.24.54:943][806]LogModuleManager: Shutting down and abandoning module ImageWrapper (122)
[2017.12.07-23.24.54:943][806]LogModuleManager: Shutting down and abandoning module TextureFormatAndroid (119)
[2017.12.07-23.24.54:943][806]LogModuleManager: Shutting down and abandoning module AudioFormatOpus (117)
[2017.12.07-23.24.54:943][806]LogModuleManager: Shutting down and abandoning module AudioFormatOgg (115)
[2017.12.07-23.24.54:943][806]LogModuleManager: Shutting down and abandoning module AudioFormatADPCM (113)
[2017.12.07-23.24.54:943][806]LogModuleManager: Shutting down and abandoning module LinuxTargetPlatform (111)
[2017.12.07-23.24.54:943][806]LogModuleManager: Shutting down and abandoning module LinuxServerTargetPlatform (109)
[2017.12.07-23.24.54:943][806]LogModuleManager: Shutting down and abandoning module LinuxNoEditorTargetPlatform (107)
[2017.12.07-23.24.54:943][806]LogModuleManager: Shutting down and abandoning module LinuxClientTargetPlatform (105)
[2017.12.07-23.24.54:943][806]LogModuleManager: Shutting down and abandoning module TVOSTargetPlatform (103)
[2017.12.07-23.24.54:943][806]LogModuleManager: Shutting down and abandoning module Messaging (101)
[2017.12.07-23.24.54:943][806]LogModuleManager: Shutting down and abandoning module IOSTargetPlatform (99)
[2017.12.07-23.24.54:943][806]LogModuleManager: Shutting down and abandoning module HTML5TargetPlatform (97)
[2017.12.07-23.24.54:943][806]LogModuleManager: Shutting down and abandoning module Android_PVRTCTargetPlatform (95)
[2017.12.07-23.24.54:943][806]LogModuleManager: Shutting down and abandoning module Android_MultiTargetPlatform (93)
[2017.12.07-23.24.54:943][806]LogModuleManager: Shutting down and abandoning module Android_ETC2TargetPlatform (91)
[2017.12.07-23.24.54:944][806]LogModuleManager: Shutting down and abandoning module Android_ETC1TargetPlatform (89)
[2017.12.07-23.24.54:944][806]LogModuleManager: Shutting down and abandoning module Android_DXTTargetPlatform (87)
[2017.12.07-23.24.54:944][806]LogModuleManager: Shutting down and abandoning module Android_ATCTargetPlatform (85)
[2017.12.07-23.24.54:945][806]LogModuleManager: Shutting down and abandoning module Android_ASTCTargetPlatform (83)
[2017.12.07-23.24.54:945][806]LogModuleManager: Shutting down and abandoning module AndroidTargetPlatform (81)
[2017.12.07-23.24.54:945][806]LogModuleManager: Shutting down and abandoning module WindowsTargetPlatform (79)
[2017.12.07-23.24.54:945][806]LogModuleManager: Shutting down and abandoning module WindowsServerTargetPlatform (77)
[2017.12.07-23.24.54:945][806]LogModuleManager: Shutting down and abandoning module WindowsNoEditorTargetPlatform (75)
[2017.12.07-23.24.54:945][806]LogModuleManager: Shutting down and abandoning module WindowsClientTargetPlatform (73)
[2017.12.07-23.24.54:945][806]LogModuleManager: Shutting down and abandoning module MacTargetPlatform (71)
[2017.12.07-23.24.54:945][806]LogModuleManager: Shutting down and abandoning module MacServerTargetPlatform (69)
[2017.12.07-23.24.54:945][806]LogModuleManager: Shutting down and abandoning module MacNoEditorTargetPlatform (67)
[2017.12.07-23.24.54:945][806]LogModuleManager: Shutting down and abandoning module MacClientTargetPlatform (65)
[2017.12.07-23.24.54:945][806]LogModuleManager: Shutting down and abandoning module AllDesktopTargetPlatform (63)
[2017.12.07-23.24.54:945][806]LogModuleManager: Shutting down and abandoning module InputCore (60)
[2017.12.07-23.24.54:945][806]LogModuleManager: Shutting down and abandoning module Settings (58)
[2017.12.07-23.24.54:945][806]LogModuleManager: Shutting down and abandoning module OculusRift (56)
[2017.12.07-23.24.54:945][806]LogModuleManager: Shutting down and abandoning module GearVRController (54)
[2017.12.07-23.24.54:945][806]LogModuleManager: Shutting down and abandoning module GearVR (52)
[2017.12.07-23.24.54:946][806]LogModuleManager: Shutting down and abandoning module ExampleDeviceProfileSelector (50)
[2017.12.07-23.24.54:946][806]LogModuleManager: Shutting down and abandoning module OnlineBlueprintSupport (48)
[2017.12.07-23.24.54:946][806]LogModuleManager: Shutting down and abandoning module OnlineSubsystem (44)
[2017.12.07-23.24.54:946][806]LogOnline:Display: Unloading online subsystem: NULL
[2017.12.07-23.24.54:948][806]LogModuleManager: Shutting down and abandoning module XMPP (43)
[2017.12.07-23.24.54:949][806]LogModuleManager: Shutting down and abandoning module HTTP (41)
[2017.12.07-23.24.54:949][806]LogHttp:Display: Http module shutting down, but needs to wait on 1 outstanding Http requests:
[2017.12.07-23.24.54:949][806]LogHttp:Display: 	verb=[POST] url=[https://datarouter.ol.epicgames.com/datarouter/api/v1/public/data?SessionID=%7BD571D640-425B-ECD6-9C24-62ACFF710860%7D&AppID=UEEditor.Rocket.Release&AppVersion=4.16.3-3561208%2B%2B%2BUE4%2BRelease-4.16&UserID=715d64ec437b30796e344c953df5232a%7C7ffa26ea6f914431ad4740d2680c99b5%7C7fd50071-e3ed-4254-833e-2bde22888e5a&AppEnvironment=datacollector-binary&UploadType=eteventstream] status=Processing
[2017.12.07-23.24.54:963][806]LogModuleManager: Shutting down and abandoning module SSL (40)
[2017.12.07-23.24.54:965][806]LogModuleManager: Shutting down and abandoning module HTTPChunkInstaller (36)
[2017.12.07-23.24.54:965][806]LogModuleManager: Shutting down and abandoning module AnimationModifiers (34)
[2017.12.07-23.24.54:966][806]LogModuleManager: Shutting down and abandoning module PropertyEditor (33)
[2017.12.07-23.24.54:966][806]LogModuleManager: Shutting down and abandoning module AudioEditor (30)
[2017.12.07-23.24.54:967][806]LogModuleManager: Shutting down and abandoning module TextureCompressor (28)
[2017.12.07-23.24.54:967][806]LogModuleManager: Shutting down and abandoning module ShaderCore (26)
[2017.12.07-23.24.54:967][806]LogModuleManager: Shutting down and abandoning module Landscape (24)
[2017.12.07-23.24.54:967][806]LogModuleManager: Shutting down and abandoning module SlateRHIRenderer (22)
[2017.12.07-23.24.54:968][806]LogModuleManager: Shutting down and abandoning module OpenGLDrv (20)
[2017.12.07-23.24.54:969][806]LogModuleManager: Shutting down and abandoning module D3D11RHI (18)
[2017.12.07-23.24.54:969][806]LogModuleManager: Shutting down and abandoning module AnimGraphRuntime (16)
[2017.12.07-23.24.54:970][806]LogModuleManager: Shutting down and abandoning module Renderer (14)
[2017.12.07-23.24.54:970][806]LogModuleManager: Shutting down and abandoning module Engine (12)
[2017.12.07-23.24.54:970][806]LogModuleManager: Shutting down and abandoning module CoreUObject (10)
[2017.12.07-23.24.54:970][806]LogModuleManager: Shutting down and abandoning module NetworkFile (8)
[2017.12.07-23.24.54:970][806]LogModuleManager: Shutting down and abandoning module StreamingFile (6)
[2017.12.07-23.24.54:970][806]LogModuleManager: Shutting down and abandoning module SandboxFile (4)
[2017.12.07-23.24.54:970][806]LogModuleManager: Shutting down and abandoning module PakFile (2)
[2017.12.07-23.24.54:972][806]LogExit: Exiting.
[2017.12.07-23.24.54:983][806]Log file closed, 12/07/17 16:24:54
